{"logTime": "0130/170752", "correlationVector":"KbxkZTkAnJC7OcRs0rpsJp.159","action":"GetUpdates", "result":"DeleteReceived", "context":{"id":"9ba88192-066f-4064-b5c3-680cb62532ab", "isDeleted:":"true", "version":"1674530198353"}}
{"logTime": "0130/170752", "correlationVector":"KbxkZTkAnJC7OcRs0rpsJp.160","action":"GetUpdates", "result":"DeleteReceived", "context":{"id":"6fa39e92-414a-42e8-b736-74261b1652fc", "isDeleted:":"true", "version":"1674530198354"}}
{"logTime": "0130/170752", "correlationVector":"KbxkZTkAnJC7OcRs0rpsJp.161","action":"GetUpdates", "result":"DeleteReceived", "context":{"id":"3a33f1f7-0dae-4041-91c6-c9c70fd75977", "isDeleted:":"true", "version":"1674569606021"}}
{"logTime": "0130/170752", "correlationVector":"KbxkZTkAnJC7OcRs0rpsJp.162","action":"GetUpdates", "result":"DeleteReceived", "context":{"id":"356fcf5d-6d73-4cda-a0b2-8889c58ad10d", "isDeleted:":"true", "version":"1674570197301"}}
{"logTime": "0130/170752", "correlationVector":"KbxkZTkAnJC7OcRs0rpsJp.163","action":"GetUpdates", "result":"DeleteReceived", "context":{"id":"0d4922b0-3a2b-4b8d-ab2a-5b016b1c44ea", "isDeleted:":"true", "version":"1674570197302"}}
{"logTime": "0130/170752", "correlationVector":"KbxkZTkAnJC7OcRs0rpsJp.164","action":"GetUpdates", "result":"DeleteReceived", "context":{"id":"3ee151a9-b9ab-424c-938c-03c777286c14", "isDeleted:":"true", "version":"1674570587562"}}
{"logTime": "0130/170752", "correlationVector":"KbxkZTkAnJC7OcRs0rpsJp.165","action":"GetUpdates", "result":"DeleteReceived", "context":{"id":"fd12d3cc-8ed9-4332-bd14-e50be9d61490", "isDeleted:":"true", "version":"1674570587565"}}
{"logTime": "0130/170752", "correlationVector":"KbxkZTkAnJC7OcRs0rpsJp.166","action":"GetUpdates", "result":"DeleteReceived", "context":{"id":"3b202885-5206-4a75-935b-6ce1c4bcdbee", "isDeleted:":"true", "version":"1674570618523"}}
{"logTime": "0130/170752", "correlationVector":"KbxkZTkAnJC7OcRs0rpsJp.167","action":"GetUpdates", "result":"DeleteReceived", "context":{"id":"dd99bf5c-5137-4026-a1ab-bf24d2fc6f88", "isDeleted:":"true", "version":"1674570893405"}}
{"logTime": "0130/170753", "correlationVector":"KbxkZTkAnJC7OcRs0rpsJp.168","action":"GetUpdates", "result":"DeleteReceived", "context":{"id":"efa2452b-00f0-4816-b3c4-f996c351a13b", "isDeleted:":"true", "version":"1674570929124"}}
{"logTime": "0130/170753", "correlationVector":"KbxkZTkAnJC7OcRs0rpsJp.169","action":"GetUpdates", "result":"DeleteReceived", "context":{"id":"154aa77a-f39c-4278-a10d-4c5a3e62dc04", "isDeleted:":"true", "version":"1674570929126"}}
{"logTime": "0130/170753", "correlationVector":"KbxkZTkAnJC7OcRs0rpsJp.170","action":"GetUpdates", "result":"DeleteReceived", "context":{"id":"033dadd9-5e90-4b2d-9777-dfdbd015635c", "isDeleted:":"true", "version":"1674571022092"}}
{"logTime": "0130/170753", "correlationVector":"KbxkZTkAnJC7OcRs0rpsJp.171","action":"GetUpdates", "result":"DeleteReceived", "context":{"id":"b370459b-3047-4b88-b3bd-3860e7bd9b1b", "isDeleted:":"true", "version":"1674571164745"}}
{"logTime": "0130/170753", "correlationVector":"KbxkZTkAnJC7OcRs0rpsJp.172","action":"GetUpdates", "result":"DeleteReceived", "context":{"id":"284b1fd4-eca6-4555-a06d-306c927c2a22", "isDeleted:":"true", "version":"1674571164746"}}
{"logTime": "0130/170753", "correlationVector":"KbxkZTkAnJC7OcRs0rpsJp.173","action":"GetUpdates", "result":"DeleteReceived", "context":{"id":"1595a2df-a838-4dcf-a201-acd48612e7b9", "isDeleted:":"true", "version":"1674575357768"}}
{"logTime": "0130/170753", "correlationVector":"KbxkZTkAnJC7OcRs0rpsJp.174","action":"GetUpdates", "result":"DeleteReceived", "context":{"id":"d1562171-5ddb-4753-a42a-17d91c297082", "isDeleted:":"true", "version":"1674577799717"}}
{"logTime": "0130/170753", "correlationVector":"KbxkZTkAnJC7OcRs0rpsJp.175","action":"GetUpdates", "result":"DeleteReceived", "context":{"id":"f4fc8e81-da04-4ab2-a05f-837c7ebae34b", "isDeleted:":"true", "version":"1674577799718"}}
{"logTime": "0130/170753", "correlationVector":"KbxkZTkAnJC7OcRs0rpsJp.176","action":"GetUpdates", "result":"DeleteReceived", "context":{"id":"d88766cb-5f2b-4ae0-9e60-e41774b2a05d", "isDeleted:":"true", "version":"1674577866101"}}
{"logTime": "0130/170753", "correlationVector":"KbxkZTkAnJC7OcRs0rpsJp.177","action":"GetUpdates", "result":"DeleteReceived", "context":{"id":"8a59f49d-0936-48da-abe0-6692e96519e8", "isDeleted:":"true", "version":"1674577898541"}}
{"logTime": "0130/170753", "correlationVector":"KbxkZTkAnJC7OcRs0rpsJp.178","action":"GetUpdates", "result":"DeleteReceived", "context":{"id":"ccd7df96-e099-42c2-8433-aaa353ba22e8", "isDeleted:":"true", "version":"1674577981352"}}
{"logTime": "0130/170753", "correlationVector":"KbxkZTkAnJC7OcRs0rpsJp.179","action":"GetUpdates", "result":"DeleteReceived", "context":{"id":"254cb5b4-9ae5-4d16-95d6-837527388b30", "isDeleted:":"true", "version":"1674650411908"}}
{"logTime": "0130/170753", "correlationVector":"KbxkZTkAnJC7OcRs0rpsJp.180","action":"GetUpdates", "result":"DeleteReceived", "context":{"id":"570200f4-1314-49d5-99a9-5633a3b728eb", "isDeleted:":"true", "version":"1674650411909"}}
{"logTime": "0130/170753", "correlationVector":"KbxkZTkAnJC7OcRs0rpsJp.181","action":"GetUpdates", "result":"DeleteReceived", "context":{"id":"d24672f5-c663-4579-bb96-c97f741543a4", "isDeleted:":"true", "version":"1674650625184"}}
{"logTime": "0130/170753", "correlationVector":"KbxkZTkAnJC7OcRs0rpsJp.182","action":"GetUpdates", "result":"DeleteReceived", "context":{"id":"0a9ffd7d-7808-49d0-8901-7acd8e89bd8c", "isDeleted:":"true", "version":"1674653754019"}}
{"logTime": "0130/170753", "correlationVector":"KbxkZTkAnJC7OcRs0rpsJp.183","action":"GetUpdates", "result":"DeleteReceived", "context":{"id":"b44e5fc4-108a-4782-aff4-84a199be143e", "isDeleted:":"true", "version":"1674653754020"}}
{"logTime": "0130/170753", "correlationVector":"KbxkZTkAnJC7OcRs0rpsJp.184","action":"GetUpdates", "result":"DeleteReceived", "context":{"id":"caae58f5-93f2-4fec-ba0e-ce55ce447aee", "isDeleted:":"true", "version":"1674665422425"}}
{"logTime": "0130/170753", "correlationVector":"KbxkZTkAnJC7OcRs0rpsJp.185","action":"GetUpdates", "result":"DeleteReceived", "context":{"id":"d10a97ec-07f1-4812-8b02-5d97b7b37c77", "isDeleted:":"true", "version":"1674665422426"}}
{"logTime": "0130/170753", "correlationVector":"KbxkZTkAnJC7OcRs0rpsJp.186","action":"GetUpdates", "result":"DeleteReceived", "context":{"id":"23f03222-8317-45ac-af21-d1f045708e7c", "isDeleted:":"true", "version":"1674665422427"}}
{"logTime": "0130/170753", "correlationVector":"KbxkZTkAnJC7OcRs0rpsJp.187","action":"GetUpdates", "result":"DeleteReceived", "context":{"id":"58163afd-c06f-40ec-84a3-d86cd0209ad3", "isDeleted:":"true", "version":"1674666419217"}}
{"logTime": "0130/170753", "correlationVector":"KbxkZTkAnJC7OcRs0rpsJp.188","action":"GetUpdates", "result":"DeleteReceived", "context":{"id":"ac503475-2e60-4ea5-b874-864236385394", "isDeleted:":"true", "version":"1674668596343"}}
{"logTime": "0130/170753", "correlationVector":"KbxkZTkAnJC7OcRs0rpsJp.189","action":"GetUpdates", "result":"DeleteReceived", "context":{"id":"d8978864-46f6-4c9c-b50d-cc736e426220", "isDeleted:":"true", "version":"1674668596345"}}
{"logTime": "0130/170753", "correlationVector":"KbxkZTkAnJC7OcRs0rpsJp.190","action":"GetUpdates", "result":"DeleteReceived", "context":{"id":"399a98a8-2493-4afc-b7ce-392e57457068", "isDeleted:":"true", "version":"1674668596346"}}
{"logTime": "0130/170753", "correlationVector":"KbxkZTkAnJC7OcRs0rpsJp.191","action":"GetUpdates", "result":"DeleteReceived", "context":{"id":"1800a64b-c879-4560-800e-fe1e22bcff3a", "isDeleted:":"true", "version":"1674668596347"}}
{"logTime": "0130/170753", "correlationVector":"KbxkZTkAnJC7OcRs0rpsJp.192","action":"GetUpdates", "result":"DeleteReceived", "context":{"id":"d55edc73-d110-4d98-aeec-561e0446348d", "isDeleted:":"true", "version":"1674669151734"}}
{"logTime": "0130/170753", "correlationVector":"KbxkZTkAnJC7OcRs0rpsJp.193","action":"GetUpdates", "result":"DeleteReceived", "context":{"id":"74c8a5e1-6bd1-4e30-8488-de5fe3f5c0cb", "isDeleted:":"true", "version":"1674669151735"}}
{"logTime": "0130/170753", "correlationVector":"KbxkZTkAnJC7OcRs0rpsJp.194","action":"GetUpdates", "result":"DeleteReceived", "context":{"id":"5b00bf60-6693-43b2-aad1-5785e181cd9e", "isDeleted:":"true", "version":"1674669753408"}}
{"logTime": "0130/170753", "correlationVector":"KbxkZTkAnJC7OcRs0rpsJp.195","action":"GetUpdates", "result":"DeleteReceived", "context":{"id":"bec01f29-277d-4921-a3fa-b1ff517ef4aa", "isDeleted:":"true", "version":"1674716373010"}}
{"logTime": "0130/170753", "correlationVector":"KbxkZTkAnJC7OcRs0rpsJp.196","action":"GetUpdates", "result":"DeleteReceived", "context":{"id":"981b3e54-5392-4b3c-af8e-11237c802aa9", "isDeleted:":"true", "version":"1674716454107"}}
{"logTime": "0130/170753", "correlationVector":"KbxkZTkAnJC7OcRs0rpsJp.197","action":"GetUpdates", "result":"DeleteReceived", "context":{"id":"08f1453d-0952-4bdb-b2d1-6a07a0f0e1ac", "isDeleted:":"true", "version":"1674719030292"}}
{"logTime": "0130/170753", "correlationVector":"KbxkZTkAnJC7OcRs0rpsJp.198","action":"GetUpdates", "result":"DeleteReceived", "context":{"id":"30c77e9b-c72b-42ad-8d35-cd10bcad5240", "isDeleted:":"true", "version":"1674719107465"}}
{"logTime": "0130/170753", "correlationVector":"KbxkZTkAnJC7OcRs0rpsJp.199","action":"GetUpdates", "result":"DeleteReceived", "context":{"id":"5d740805-e4b2-474c-8ab9-71fd0f1841c0", "isDeleted:":"true", "version":"1674719107466"}}
{"logTime": "0130/170753", "correlationVector":"KbxkZTkAnJC7OcRs0rpsJp.200","action":"GetUpdates", "result":"DeleteReceived", "context":{"id":"fd6b80c6-84a4-42b5-a785-3852095c3e52", "isDeleted:":"true", "version":"1674736731683"}}
{"logTime": "0130/170753", "correlationVector":"KbxkZTkAnJC7OcRs0rpsJp.201","action":"GetUpdates", "result":"DeleteReceived", "context":{"id":"1f0526e5-62e1-49db-9277-bc9dccec9f6d", "isDeleted:":"true", "version":"1674736731685"}}
{"logTime": "0130/170753", "correlationVector":"KbxkZTkAnJC7OcRs0rpsJp.202","action":"GetUpdates", "result":"DeleteReceived", "context":{"id":"aff7f49f-76d5-4105-9666-3c0ea5cff41c", "isDeleted:":"true", "version":"1674737989598"}}
{"logTime": "0130/170753", "correlationVector":"KbxkZTkAnJC7OcRs0rpsJp.203","action":"GetUpdates", "result":"DeleteReceived", "context":{"id":"8e68d7ad-77dc-4642-8b62-993353a5ddf6", "isDeleted:":"true", "version":"1674738295704"}}
{"logTime": "0130/170753", "correlationVector":"KbxkZTkAnJC7OcRs0rpsJp.204","action":"GetUpdates", "result":"DeleteReceived", "context":{"id":"c99d6515-9408-442c-aea5-847189f60341", "isDeleted:":"true", "version":"1674742389723"}}
{"logTime": "0130/170753", "correlationVector":"KbxkZTkAnJC7OcRs0rpsJp.205","action":"GetUpdates", "result":"DeleteReceived", "context":{"id":"83fd6497-3bb8-425b-8ab2-217de01d76dd", "isDeleted:":"true", "version":"1674742781181"}}
{"logTime": "0130/170753", "correlationVector":"KbxkZTkAnJC7OcRs0rpsJp.206","action":"GetUpdates", "result":"DeleteReceived", "context":{"id":"80a50291-08db-4af4-b712-99e560ee23e4", "isDeleted:":"true", "version":"1674742781182"}}
{"logTime": "0130/170753", "correlationVector":"KbxkZTkAnJC7OcRs0rpsJp.207","action":"GetUpdates", "result":"DeleteReceived", "context":{"id":"a91ea2fc-1297-47f9-9dcf-527bbf4656a4", "isDeleted:":"true", "version":"1674742781183"}}
{"logTime": "0130/170753", "correlationVector":"KbxkZTkAnJC7OcRs0rpsJp.208","action":"GetUpdates", "result":"DeleteReceived", "context":{"id":"1286b965-f825-43f9-905d-85ded7b682c0", "isDeleted:":"true", "version":"1674742781184"}}
{"logTime": "0130/170753", "correlationVector":"KbxkZTkAnJC7OcRs0rpsJp.209","action":"GetUpdates", "result":"DeleteReceived", "context":{"id":"3a3430cb-8881-43fa-8d78-b25a4f554d8d", "isDeleted:":"true", "version":"1674742781185"}}
{"logTime": "0130/170754", "correlationVector":"KbxkZTkAnJC7OcRs0rpsJp.210","action":"GetUpdates Response", "result":"SERVER_MORE_TO_DOWNLOAD", "context":Received 250 update(s).  Some updates remain.}
{"logTime": "0130/170754", "correlationVector":"OGBRAF4c60DA2gURoVskkY","action":"Initial GetUpdates", "result":"", "context":Reason: NEWLY_SUPPORTED_DATATYPE. cV=OGBRAF4c60DA2gURoVskkY}
{"logTime": "0130/170754", "correlationVector":"OGBRAF4c60DA2gURoVskkY.1","action":"SyncServerConnectionManagerRequest", "result":"SYNC_SERVER_OK", "context":{"environment":"Prod_SoutheastAsia_000j", "server":"general0100000I"}}
{"logTime": "0130/170754", "correlationVector":"OGBRAF4c60DA2gURoVskkY.2","action":"GetUpdates", "result":"DeleteReceived", "context":{"id":"d76e0d3a-64d7-402d-84cd-0da54eb58731", "isDeleted:":"true", "version":"1674742824739"}}
{"logTime": "0130/170754", "correlationVector":"OGBRAF4c60DA2gURoVskkY.3","action":"GetUpdates", "result":"DeleteReceived", "context":{"id":"6a306584-c184-4aef-b49a-5a478d2e6a46", "isDeleted:":"true", "version":"1674742903809"}}
{"logTime": "0130/170754", "correlationVector":"OGBRAF4c60DA2gURoVskkY.4","action":"GetUpdates", "result":"DeleteReceived", "context":{"id":"8e0c46c5-01f4-49fc-b15c-0bf163dfbd8e", "isDeleted:":"true", "version":"1674743528170"}}
{"logTime": "0130/170754", "correlationVector":"OGBRAF4c60DA2gURoVskkY.5","action":"GetUpdates", "result":"DeleteReceived", "context":{"id":"44b91a05-975d-4bf5-82d2-2395756b5311", "isDeleted:":"true", "version":"1674743528172"}}
{"logTime": "0130/170754", "correlationVector":"OGBRAF4c60DA2gURoVskkY.6","action":"GetUpdates", "result":"DeleteReceived", "context":{"id":"339eeb4a-c466-4f4b-bf5f-947c75f7b4ae", "isDeleted:":"true", "version":"1674744016003"}}
{"logTime": "0130/170754", "correlationVector":"OGBRAF4c60DA2gURoVskkY.7","action":"GetUpdates", "result":"DeleteReceived", "context":{"id":"6e01fa69-135f-4456-8eed-d5b782eded12", "isDeleted:":"true", "version":"1674744097058"}}
{"logTime": "0130/170754", "correlationVector":"OGBRAF4c60DA2gURoVskkY.8","action":"GetUpdates", "result":"DeleteReceived", "context":{"id":"5e24b605-2468-4cc8-a01d-367632e08af6", "isDeleted:":"true", "version":"1674744197436"}}
{"logTime": "0130/170754", "correlationVector":"OGBRAF4c60DA2gURoVskkY.9","action":"GetUpdates", "result":"DeleteReceived", "context":{"id":"f341d405-9eb3-4dc6-b596-3de0fec155f3", "isDeleted:":"true", "version":"1674744928356"}}
{"logTime": "0130/170754", "correlationVector":"OGBRAF4c60DA2gURoVskkY.10","action":"GetUpdates", "result":"DeleteReceived", "context":{"id":"bf14cf3a-dc33-4efd-8d29-cbe470b2c964", "isDeleted:":"true", "version":"1674744928357"}}
{"logTime": "0130/170754", "correlationVector":"OGBRAF4c60DA2gURoVskkY.11","action":"GetUpdates", "result":"DeleteReceived", "context":{"id":"398d414c-ea55-4461-96f1-36d62601b87c", "isDeleted:":"true", "version":"1674745025037"}}
{"logTime": "0130/170754", "correlationVector":"OGBRAF4c60DA2gURoVskkY.12","action":"GetUpdates", "result":"DeleteReceived", "context":{"id":"2d855db2-a8f0-400e-b8bd-6d012190a0ee", "isDeleted:":"true", "version":"1674745111976"}}
{"logTime": "0130/170754", "correlationVector":"OGBRAF4c60DA2gURoVskkY.13","action":"GetUpdates", "result":"DeleteReceived", "context":{"id":"e29c60ce-2726-43b0-8db2-1816e6d1849a", "isDeleted:":"true", "version":"1674745332141"}}
{"logTime": "0130/170754", "correlationVector":"OGBRAF4c60DA2gURoVskkY.14","action":"GetUpdates", "result":"DeleteReceived", "context":{"id":"bd8ac8b9-3cfb-446f-b7de-2f276af9d12d", "isDeleted:":"true", "version":"1674745428413"}}
{"logTime": "0130/170754", "correlationVector":"OGBRAF4c60DA2gURoVskkY.15","action":"GetUpdates", "result":"DeleteReceived", "context":{"id":"67e95c40-aba6-48d5-afd8-6bf33831bfa7", "isDeleted:":"true", "version":"1674745710124"}}
{"logTime": "0130/170754", "correlationVector":"OGBRAF4c60DA2gURoVskkY.16","action":"GetUpdates", "result":"DeleteReceived", "context":{"id":"0b7e02d0-f831-4320-8611-05d8c845bc92", "isDeleted:":"true", "version":"1674745710125"}}
{"logTime": "0130/170754", "correlationVector":"OGBRAF4c60DA2gURoVskkY.17","action":"GetUpdates", "result":"DeleteReceived", "context":{"id":"e0223d38-0655-4835-a5c3-1717e2e7ede6", "isDeleted:":"true", "version":"1674745710126"}}
{"logTime": "0130/170754", "correlationVector":"OGBRAF4c60DA2gURoVskkY.18","action":"GetUpdates", "result":"DeleteReceived", "context":{"id":"b16b3382-2273-4ed4-aa8e-fabb8bc478d5", "isDeleted:":"true", "version":"1674745710127"}}
{"logTime": "0130/170754", "correlationVector":"OGBRAF4c60DA2gURoVskkY.19","action":"GetUpdates", "result":"DeleteReceived", "context":{"id":"517b9d50-2a05-4401-8aab-4e92e67dfd88", "isDeleted:":"true", "version":"1674746265345"}}
{"logTime": "0130/170754", "correlationVector":"OGBRAF4c60DA2gURoVskkY.20","action":"GetUpdates", "result":"DeleteReceived", "context":{"id":"308fd50b-02c1-47c2-8902-77be80a13cbb", "isDeleted:":"true", "version":"1674747410317"}}
{"logTime": "0130/170754", "correlationVector":"OGBRAF4c60DA2gURoVskkY.21","action":"GetUpdates", "result":"DeleteReceived", "context":{"id":"3a34880b-5c25-422b-ba25-037a263a5870", "isDeleted:":"true", "version":"1674747410318"}}
{"logTime": "0130/170754", "correlationVector":"OGBRAF4c60DA2gURoVskkY.22","action":"GetUpdates", "result":"DeleteReceived", "context":{"id":"10727f40-efa6-418d-af3f-e5b8d1c93fa8", "isDeleted:":"true", "version":"1674747495201"}}
{"logTime": "0130/170754", "correlationVector":"OGBRAF4c60DA2gURoVskkY.23","action":"GetUpdates", "result":"DeleteReceived", "context":{"id":"0ea6dace-36f9-412e-9c75-5eff59695df0", "isDeleted:":"true", "version":"1674749223148"}}
{"logTime": "0130/170754", "correlationVector":"OGBRAF4c60DA2gURoVskkY.24","action":"GetUpdates", "result":"DeleteReceived", "context":{"id":"4d4e1fa8-084a-4367-834b-e285f2408432", "isDeleted:":"true", "version":"1674749223149"}}
{"logTime": "0130/170754", "correlationVector":"OGBRAF4c60DA2gURoVskkY.25","action":"GetUpdates", "result":"DeleteReceived", "context":{"id":"ad754fd7-905e-4428-b36f-b07fe191f0f0", "isDeleted:":"true", "version":"1674749223151"}}
{"logTime": "0130/170754", "correlationVector":"OGBRAF4c60DA2gURoVskkY.26","action":"GetUpdates", "result":"DeleteReceived", "context":{"id":"f788eee3-f939-4ae4-8988-f68ce9a1a98b", "isDeleted:":"true", "version":"1674749223152"}}
{"logTime": "0130/170754", "correlationVector":"OGBRAF4c60DA2gURoVskkY.27","action":"GetUpdates", "result":"DeleteReceived", "context":{"id":"1d3b6370-d73a-4106-a612-6df4faa50b28", "isDeleted:":"true", "version":"1674749223153"}}
{"logTime": "0130/170754", "correlationVector":"OGBRAF4c60DA2gURoVskkY.28","action":"GetUpdates", "result":"DeleteReceived", "context":{"id":"47159309-9b02-4be2-8738-aac7be523497", "isDeleted:":"true", "version":"1674749971240"}}
{"logTime": "0130/170754", "correlationVector":"OGBRAF4c60DA2gURoVskkY.29","action":"GetUpdates", "result":"DeleteReceived", "context":{"id":"c197f1eb-82bd-4d56-9268-048b951b0d28", "isDeleted:":"true", "version":"1674750079494"}}
{"logTime": "0130/170754", "correlationVector":"OGBRAF4c60DA2gURoVskkY.30","action":"GetUpdates", "result":"DeleteReceived", "context":{"id":"df7ba259-79bb-4809-a95a-5bb44ab88232", "isDeleted:":"true", "version":"1674750995785"}}
{"logTime": "0130/170754", "correlationVector":"OGBRAF4c60DA2gURoVskkY.31","action":"GetUpdates", "result":"DeleteReceived", "context":{"id":"b3db38d8-8365-45ea-89da-c492a1d1324e", "isDeleted:":"true", "version":"1674751147916"}}
{"logTime": "0130/170754", "correlationVector":"OGBRAF4c60DA2gURoVskkY.32","action":"GetUpdates", "result":"DeleteReceived", "context":{"id":"0961d696-2d5d-4ef9-8a98-a572a14cd655", "isDeleted:":"true", "version":"1674751147917"}}
{"logTime": "0130/170754", "correlationVector":"OGBRAF4c60DA2gURoVskkY.33","action":"GetUpdates", "result":"DeleteReceived", "context":{"id":"6f4a4cee-5f85-41fb-bc13-cb3390bd9f8b", "isDeleted:":"true", "version":"1674788222180"}}
{"logTime": "0130/170754", "correlationVector":"OGBRAF4c60DA2gURoVskkY.34","action":"GetUpdates", "result":"DeleteReceived", "context":{"id":"0f4f9dcc-dd04-450c-9cf9-cb2e83a9c9c4", "isDeleted:":"true", "version":"1674788742362"}}
{"logTime": "0130/170754", "correlationVector":"OGBRAF4c60DA2gURoVskkY.35","action":"GetUpdates", "result":"DeleteReceived", "context":{"id":"0183cbad-0cf9-4b34-87a7-82acdd4fb999", "isDeleted:":"true", "version":"1674788742363"}}
{"logTime": "0130/170754", "correlationVector":"OGBRAF4c60DA2gURoVskkY.36","action":"GetUpdates", "result":"DeleteReceived", "context":{"id":"041f874a-a703-4f52-8dde-1050438ce854", "isDeleted:":"true", "version":"1674789062362"}}
{"logTime": "0130/170754", "correlationVector":"OGBRAF4c60DA2gURoVskkY.37","action":"GetUpdates", "result":"DeleteReceived", "context":{"id":"4df7cab3-2d92-481f-bb0f-42a75827270e", "isDeleted:":"true", "version":"1674789062363"}}
{"logTime": "0130/170754", "correlationVector":"OGBRAF4c60DA2gURoVskkY.38","action":"GetUpdates", "result":"DeleteReceived", "context":{"id":"c1ec3e40-18d8-4456-a5e9-8612e6ed4851", "isDeleted:":"true", "version":"1674789815462"}}
{"logTime": "0130/170754", "correlationVector":"OGBRAF4c60DA2gURoVskkY.39","action":"GetUpdates", "result":"DeleteReceived", "context":{"id":"ef5e099f-3378-43ab-bc10-39b38e00f583", "isDeleted:":"true", "version":"1674789872384"}}
{"logTime": "0130/170754", "correlationVector":"OGBRAF4c60DA2gURoVskkY.40","action":"GetUpdates", "result":"DeleteReceived", "context":{"id":"6121543d-8eba-4b2c-b56d-d76ee49c2f4c", "isDeleted:":"true", "version":"1674790388494"}}
{"logTime": "0130/170754", "correlationVector":"OGBRAF4c60DA2gURoVskkY.41","action":"GetUpdates", "result":"DeleteReceived", "context":{"id":"1438bc2e-ff61-4c33-97c8-0bbeb4a03c68", "isDeleted:":"true", "version":"1674790483694"}}
{"logTime": "0130/170754", "correlationVector":"OGBRAF4c60DA2gURoVskkY.42","action":"GetUpdates", "result":"DeleteReceived", "context":{"id":"db61cc1e-50e3-49bf-ac64-fb759e3ef1b5", "isDeleted:":"true", "version":"1674830764403"}}
{"logTime": "0130/170754", "correlationVector":"OGBRAF4c60DA2gURoVskkY.43","action":"GetUpdates", "result":"DeleteReceived", "context":{"id":"a11a9527-9cbc-4e40-8f30-93c9aa28711a", "isDeleted:":"true", "version":"1674830764404"}}
{"logTime": "0130/170754", "correlationVector":"OGBRAF4c60DA2gURoVskkY.44","action":"GetUpdates", "result":"DeleteReceived", "context":{"id":"df78aecf-05af-4ee1-9cc3-a507b313eee3", "isDeleted:":"true", "version":"1674830764405"}}
{"logTime": "0130/170754", "correlationVector":"OGBRAF4c60DA2gURoVskkY.45","action":"GetUpdates", "result":"DeleteReceived", "context":{"id":"3e5086d3-a7f7-42ee-b179-c9fb316c930b", "isDeleted:":"true", "version":"1674830764406"}}
{"logTime": "0130/170754", "correlationVector":"OGBRAF4c60DA2gURoVskkY.46","action":"GetUpdates", "result":"DeleteReceived", "context":{"id":"7640e2d6-8bca-4264-850b-7ec4d004ca0c", "isDeleted:":"true", "version":"1674830764407"}}
{"logTime": "0130/170754", "correlationVector":"OGBRAF4c60DA2gURoVskkY.47","action":"GetUpdates", "result":"DeleteReceived", "context":{"id":"8d409f49-c3c8-4add-b659-8ca62886e1ec", "isDeleted:":"true", "version":"1674830855849"}}
{"logTime": "0130/170754", "correlationVector":"OGBRAF4c60DA2gURoVskkY.48","action":"GetUpdates", "result":"DeleteReceived", "context":{"id":"db3d383a-0ff0-4916-8809-37cddca091dd", "isDeleted:":"true", "version":"1674831018960"}}
{"logTime": "0130/170754", "correlationVector":"OGBRAF4c60DA2gURoVskkY.49","action":"GetUpdates", "result":"DeleteReceived", "context":{"id":"ba2ce9c6-b35a-4048-9ce8-a6796cd8fac0", "isDeleted:":"true", "version":"1674832029419"}}
{"logTime": "0130/170754", "correlationVector":"OGBRAF4c60DA2gURoVskkY.50","action":"GetUpdates", "result":"DeleteReceived", "context":{"id":"6799b941-a841-4220-99bc-b1c78f52ceb8", "isDeleted:":"true", "version":"1674832564336"}}
{"logTime": "0130/170754", "correlationVector":"OGBRAF4c60DA2gURoVskkY.51","action":"GetUpdates", "result":"DeleteReceived", "context":{"id":"a47caaf8-3818-4acc-80ed-0f1fa765f73e", "isDeleted:":"true", "version":"1674833407429"}}
{"logTime": "0130/170754", "correlationVector":"OGBRAF4c60DA2gURoVskkY.52","action":"GetUpdates", "result":"DeleteReceived", "context":{"id":"b0328c0b-5a85-4be6-aeb1-86dd365e9e61", "isDeleted:":"true", "version":"1674833407430"}}
{"logTime": "0130/170754", "correlationVector":"OGBRAF4c60DA2gURoVskkY.53","action":"GetUpdates", "result":"DeleteReceived", "context":{"id":"ea1e2a29-36bf-4a7b-838e-12920387a02d", "isDeleted:":"true", "version":"1674833407431"}}
{"logTime": "0130/170754", "correlationVector":"OGBRAF4c60DA2gURoVskkY.54","action":"GetUpdates", "result":"DeleteReceived", "context":{"id":"92528b18-35d6-4967-9e4e-6949b19fbac5", "isDeleted:":"true", "version":"1674834512361"}}
{"logTime": "0130/170754", "correlationVector":"OGBRAF4c60DA2gURoVskkY.55","action":"GetUpdates", "result":"DeleteReceived", "context":{"id":"52bfa8f2-7559-425f-83ca-4aa663c5b565", "isDeleted:":"true", "version":"1674835305639"}}
{"logTime": "0130/170754", "correlationVector":"OGBRAF4c60DA2gURoVskkY.56","action":"GetUpdates", "result":"DeleteReceived", "context":{"id":"e2d29018-162b-4ebf-8d06-fae3226e16d1", "isDeleted:":"true", "version":"1674837034221"}}
{"logTime": "0130/170754", "correlationVector":"OGBRAF4c60DA2gURoVskkY.57","action":"GetUpdates", "result":"DeleteReceived", "context":{"id":"17e1bf8d-e6d4-4b69-b7c9-716dad4403d3", "isDeleted:":"true", "version":"1674837034222"}}
{"logTime": "0130/170754", "correlationVector":"OGBRAF4c60DA2gURoVskkY.58","action":"GetUpdates", "result":"DeleteReceived", "context":{"id":"0a15803a-ecc6-4619-a380-ddfd6d49dbc9", "isDeleted:":"true", "version":"1674837034223"}}
{"logTime": "0130/170754", "correlationVector":"OGBRAF4c60DA2gURoVskkY.59","action":"GetUpdates", "result":"DeleteReceived", "context":{"id":"9356d3ab-1062-4c24-bc28-f4f30a1e97f2", "isDeleted:":"true", "version":"1674838042602"}}
{"logTime": "0130/170754", "correlationVector":"OGBRAF4c60DA2gURoVskkY.60","action":"GetUpdates", "result":"DeleteReceived", "context":{"id":"05c74263-1251-4c3c-8c16-509b64addc76", "isDeleted:":"true", "version":"1674838218643"}}
{"logTime": "0130/170754", "correlationVector":"OGBRAF4c60DA2gURoVskkY.61","action":"GetUpdates", "result":"DeleteReceived", "context":{"id":"40bb87c2-e990-4c02-b413-cb06eb5fe139", "isDeleted:":"true", "version":"1674885204074"}}
{"logTime": "0130/170754", "correlationVector":"OGBRAF4c60DA2gURoVskkY.62","action":"GetUpdates", "result":"DeleteReceived", "context":{"id":"1dc3b6d4-acf6-464e-ad42-70da63fdfa0c", "isDeleted:":"true", "version":"1674885204075"}}
{"logTime": "0130/170754", "correlationVector":"OGBRAF4c60DA2gURoVskkY.63","action":"GetUpdates", "result":"DeleteReceived", "context":{"id":"9d8e3baf-114f-4f8b-8fc4-4021373270a9", "isDeleted:":"true", "version":"1674886574176"}}
{"logTime": "0130/170754", "correlationVector":"OGBRAF4c60DA2gURoVskkY.64","action":"GetUpdates", "result":"DeleteReceived", "context":{"id":"bb3d5f6b-23ba-42a0-bd41-c1f3c86c392e", "isDeleted:":"true", "version":"1674886574177"}}
{"logTime": "0130/170754", "correlationVector":"OGBRAF4c60DA2gURoVskkY.65","action":"GetUpdates", "result":"DeleteReceived", "context":{"id":"e40900b3-e537-4cc1-8c1e-c76dacabe411", "isDeleted:":"true", "version":"1674886673557"}}
{"logTime": "0130/170754", "correlationVector":"OGBRAF4c60DA2gURoVskkY.66","action":"GetUpdates", "result":"DeleteReceived", "context":{"id":"1d1a5346-4a9b-4f5e-9914-bb97db07f01d", "isDeleted:":"true", "version":"1674886809233"}}
{"logTime": "0130/170754", "correlationVector":"OGBRAF4c60DA2gURoVskkY.67","action":"GetUpdates", "result":"DeleteReceived", "context":{"id":"24130771-81e0-448b-ad1e-ae3dd4a9a77a", "isDeleted:":"true", "version":"1674886915426"}}
{"logTime": "0130/170754", "correlationVector":"OGBRAF4c60DA2gURoVskkY.68","action":"GetUpdates", "result":"DeleteReceived", "context":{"id":"14e8efa8-746b-4eaa-935b-916ca80e9acf", "isDeleted:":"true", "version":"1674886915427"}}
{"logTime": "0130/170754", "correlationVector":"OGBRAF4c60DA2gURoVskkY.69","action":"GetUpdates", "result":"DeleteReceived", "context":{"id":"a3ca895a-1e7f-4aed-98e5-444afa19b72e", "isDeleted:":"true", "version":"1674886946565"}}
{"logTime": "0130/170754", "correlationVector":"OGBRAF4c60DA2gURoVskkY.70","action":"GetUpdates", "result":"DeleteReceived", "context":{"id":"c2df312a-b037-495b-82ca-0b3559ed4cea", "isDeleted:":"true", "version":"1674886946566"}}
{"logTime": "0130/170754", "correlationVector":"OGBRAF4c60DA2gURoVskkY.71","action":"GetUpdates", "result":"DeleteReceived", "context":{"id":"7e5c8af8-14b5-4a34-a908-0825387aad6c", "isDeleted:":"true", "version":"1674886946567"}}
{"logTime": "0130/170754", "correlationVector":"OGBRAF4c60DA2gURoVskkY.72","action":"GetUpdates", "result":"DeleteReceived", "context":{"id":"3c5a21ed-50c0-43da-912f-a59219e7e799", "isDeleted:":"true", "version":"1674886946568"}}
{"logTime": "0130/170754", "correlationVector":"OGBRAF4c60DA2gURoVskkY.73","action":"GetUpdates", "result":"DeleteReceived", "context":{"id":"8b8b0edd-39e4-45a9-b9b5-676a3e49bfb2", "isDeleted:":"true", "version":"1674887859628"}}
{"logTime": "0130/170754", "correlationVector":"OGBRAF4c60DA2gURoVskkY.74","action":"GetUpdates", "result":"DeleteReceived", "context":{"id":"0f053360-beb0-4aba-8432-c16402b97861", "isDeleted:":"true", "version":"1674887928735"}}
{"logTime": "0130/170754", "correlationVector":"OGBRAF4c60DA2gURoVskkY.75","action":"GetUpdates", "result":"DeleteReceived", "context":{"id":"4157295a-54fc-4b4d-a2df-4ebf3b17dc8b", "isDeleted:":"true", "version":"1674887970282"}}
{"logTime": "0130/170755", "correlationVector":"OGBRAF4c60DA2gURoVskkY.76","action":"GetUpdates", "result":"DeleteReceived", "context":{"id":"a831250b-f6db-44af-8baf-f76595b47f93", "isDeleted:":"true", "version":"1674888002423"}}
{"logTime": "0130/170755", "correlationVector":"OGBRAF4c60DA2gURoVskkY.77","action":"GetUpdates", "result":"DeleteReceived", "context":{"id":"aed0db30-1082-497e-8c5e-be75e2880856", "isDeleted:":"true", "version":"1674888039197"}}
{"logTime": "0130/170755", "correlationVector":"OGBRAF4c60DA2gURoVskkY.78","action":"GetUpdates", "result":"DeleteReceived", "context":{"id":"10639d73-fe5d-4cec-b311-eced6e1041de", "isDeleted:":"true", "version":"1674888200882"}}
{"logTime": "0130/170755", "correlationVector":"OGBRAF4c60DA2gURoVskkY.79","action":"GetUpdates", "result":"DeleteReceived", "context":{"id":"9ea869ed-aac0-4d0c-b21e-fe13d2e85a01", "isDeleted:":"true", "version":"1674888200883"}}
{"logTime": "0130/170755", "correlationVector":"OGBRAF4c60DA2gURoVskkY.80","action":"GetUpdates", "result":"DeleteReceived", "context":{"id":"4d499759-a871-4c0a-a6eb-d88705583d10", "isDeleted:":"true", "version":"1674888239136"}}
{"logTime": "0130/170755", "correlationVector":"OGBRAF4c60DA2gURoVskkY.81","action":"GetUpdates", "result":"DeleteReceived", "context":{"id":"f752b58e-2b84-49a5-829e-02351715eae2", "isDeleted:":"true", "version":"1674888239137"}}
{"logTime": "0130/170755", "correlationVector":"OGBRAF4c60DA2gURoVskkY.82","action":"GetUpdates", "result":"DeleteReceived", "context":{"id":"cb203e3b-2439-4a68-9493-f24490e9e278", "isDeleted:":"true", "version":"1674888239138"}}
{"logTime": "0130/170755", "correlationVector":"OGBRAF4c60DA2gURoVskkY.83","action":"GetUpdates", "result":"DeleteReceived", "context":{"id":"6e7544dc-006d-4680-8805-253edfd1becf", "isDeleted:":"true", "version":"1674888239141"}}
{"logTime": "0130/170755", "correlationVector":"OGBRAF4c60DA2gURoVskkY.84","action":"GetUpdates", "result":"DeleteReceived", "context":{"id":"37525606-ca1e-4f52-bde3-e5ab7b31f0d0", "isDeleted:":"true", "version":"1674888239142"}}
{"logTime": "0130/170755", "correlationVector":"OGBRAF4c60DA2gURoVskkY.85","action":"GetUpdates", "result":"DeleteReceived", "context":{"id":"9bef0b2c-2f6b-40a1-a0b1-4f90f52f120d", "isDeleted:":"true", "version":"1674888239143"}}
{"logTime": "0130/170755", "correlationVector":"OGBRAF4c60DA2gURoVskkY.86","action":"GetUpdates", "result":"DeleteReceived", "context":{"id":"7e49d7cf-e0a7-4ddc-9158-e59152d38625", "isDeleted:":"true", "version":"1674888239144"}}
{"logTime": "0130/170755", "correlationVector":"OGBRAF4c60DA2gURoVskkY.87","action":"GetUpdates", "result":"DeleteReceived", "context":{"id":"ec668fe3-dfd5-421e-b256-9621147848e8", "isDeleted:":"true", "version":"1674888270773"}}
{"logTime": "0130/170755", "correlationVector":"OGBRAF4c60DA2gURoVskkY.88","action":"GetUpdates", "result":"DeleteReceived", "context":{"id":"962f6c1d-b783-4ecf-9cb8-1b024fdd03d0", "isDeleted:":"true", "version":"1674892671092"}}
{"logTime": "0130/170755", "correlationVector":"OGBRAF4c60DA2gURoVskkY.89","action":"GetUpdates", "result":"DeleteReceived", "context":{"id":"10cc9e11-31a6-463a-b59b-82df926c664a", "isDeleted:":"true", "version":"1674893509919"}}
{"logTime": "0130/170755", "correlationVector":"OGBRAF4c60DA2gURoVskkY.90","action":"GetUpdates", "result":"DeleteReceived", "context":{"id":"06b57fcd-2092-4f4e-bf5c-98ac2ae2153a", "isDeleted:":"true", "version":"1674893509920"}}
{"logTime": "0130/170755", "correlationVector":"OGBRAF4c60DA2gURoVskkY.91","action":"GetUpdates", "result":"DeleteReceived", "context":{"id":"a89121ca-72b2-44c7-8911-874e5b40c212", "isDeleted:":"true", "version":"1674893509921"}}
{"logTime": "0130/170755", "correlationVector":"OGBRAF4c60DA2gURoVskkY.92","action":"GetUpdates", "result":"DeleteReceived", "context":{"id":"4975abff-ab84-4510-91ff-1d88cd7763f8", "isDeleted:":"true", "version":"1674893509922"}}
{"logTime": "0130/170755", "correlationVector":"OGBRAF4c60DA2gURoVskkY.93","action":"GetUpdates", "result":"DeleteReceived", "context":{"id":"768a38ff-230f-4925-afc6-d9b4052359f9", "isDeleted:":"true", "version":"1674893509923"}}
{"logTime": "0130/170755", "correlationVector":"OGBRAF4c60DA2gURoVskkY.94","action":"GetUpdates", "result":"DeleteReceived", "context":{"id":"3ae5009c-4e67-4bc6-a256-d69c2d49d73e", "isDeleted:":"true", "version":"1674893509924"}}
{"logTime": "0130/170755", "correlationVector":"OGBRAF4c60DA2gURoVskkY.95","action":"GetUpdates", "result":"DeleteReceived", "context":{"id":"523dc42a-6a7b-4fe3-ba0f-1da123ab5c7e", "isDeleted:":"true", "version":"1674894266296"}}
{"logTime": "0130/170755", "correlationVector":"OGBRAF4c60DA2gURoVskkY.96","action":"GetUpdates", "result":"DeleteReceived", "context":{"id":"b874e880-2dcb-4663-8a15-d01163c49a39", "isDeleted:":"true", "version":"1674894515294"}}
{"logTime": "0130/170755", "correlationVector":"OGBRAF4c60DA2gURoVskkY.97","action":"GetUpdates", "result":"DeleteReceived", "context":{"id":"079e03b0-bc00-4b7f-b3d5-d69a280555da", "isDeleted:":"true", "version":"1674894515295"}}
{"logTime": "0130/170755", "correlationVector":"OGBRAF4c60DA2gURoVskkY.98","action":"GetUpdates", "result":"DeleteReceived", "context":{"id":"5af9f0f0-1d8c-4f6f-bbe2-3bb6485a6a1a", "isDeleted:":"true", "version":"1674894515296"}}
{"logTime": "0130/170755", "correlationVector":"OGBRAF4c60DA2gURoVskkY.99","action":"GetUpdates", "result":"DeleteReceived", "context":{"id":"9dc3f4cf-6e3b-4470-b6f7-f7d32821c442", "isDeleted:":"true", "version":"1674894626207"}}
{"logTime": "0130/170755", "correlationVector":"OGBRAF4c60DA2gURoVskkY.100","action":"GetUpdates", "result":"DeleteReceived", "context":{"id":"807cc307-0111-4b99-a79f-a2cce87a77b5", "isDeleted:":"true", "version":"1674894626209"}}
{"logTime": "0130/170755", "correlationVector":"OGBRAF4c60DA2gURoVskkY.101","action":"GetUpdates", "result":"DeleteReceived", "context":{"id":"532bd0ce-bef3-40ab-90ee-62976c97a485", "isDeleted:":"true", "version":"1674894842163"}}
{"logTime": "0130/170755", "correlationVector":"OGBRAF4c60DA2gURoVskkY.102","action":"GetUpdates", "result":"DeleteReceived", "context":{"id":"8b5dd077-dac1-4b68-99a7-f055e82c6d70", "isDeleted:":"true", "version":"1674897704418"}}
{"logTime": "0130/170755", "correlationVector":"OGBRAF4c60DA2gURoVskkY.103","action":"GetUpdates", "result":"DeleteReceived", "context":{"id":"5a0f1f8d-5e26-4043-8ed2-0bb0cc7d0899", "isDeleted:":"true", "version":"1674897704419"}}
{"logTime": "0130/170755", "correlationVector":"OGBRAF4c60DA2gURoVskkY.104","action":"GetUpdates", "result":"DeleteReceived", "context":{"id":"50217efb-cac9-4c33-9819-a709a314fb29", "isDeleted:":"true", "version":"1674897704420"}}
{"logTime": "0130/170755", "correlationVector":"OGBRAF4c60DA2gURoVskkY.105","action":"GetUpdates", "result":"DeleteReceived", "context":{"id":"5d5b93d9-4bd3-4e4f-9cfc-bc7019a0c947", "isDeleted:":"true", "version":"1674897704421"}}
{"logTime": "0130/170755", "correlationVector":"OGBRAF4c60DA2gURoVskkY.106","action":"GetUpdates", "result":"DeleteReceived", "context":{"id":"73762dd5-3b44-4f0a-bd75-e93cc250ae00", "isDeleted:":"true", "version":"1674897704422"}}
{"logTime": "0130/170755", "correlationVector":"OGBRAF4c60DA2gURoVskkY.107","action":"GetUpdates", "result":"DeleteReceived", "context":{"id":"393f59ef-56d1-422d-b45d-a0f58ecfcd76", "isDeleted:":"true", "version":"1674897704423"}}
{"logTime": "0130/170755", "correlationVector":"OGBRAF4c60DA2gURoVskkY.108","action":"GetUpdates", "result":"DeleteReceived", "context":{"id":"1b341b7a-bb99-4622-85a9-96a051ef85e2", "isDeleted:":"true", "version":"1674898517405"}}
{"logTime": "0130/170755", "correlationVector":"OGBRAF4c60DA2gURoVskkY.109","action":"GetUpdates", "result":"DeleteReceived", "context":{"id":"860c3000-5464-4460-8ce5-578178f59859", "isDeleted:":"true", "version":"1674899040041"}}
{"logTime": "0130/170755", "correlationVector":"OGBRAF4c60DA2gURoVskkY.110","action":"GetUpdates", "result":"DeleteReceived", "context":{"id":"6f627ba2-9c41-4d68-8570-0614b43151d0", "isDeleted:":"true", "version":"1674899040043"}}
{"logTime": "0130/170755", "correlationVector":"OGBRAF4c60DA2gURoVskkY.111","action":"GetUpdates", "result":"DeleteReceived", "context":{"id":"a9768fef-de18-43be-a99b-f171c38398ee", "isDeleted:":"true", "version":"1674899103140"}}
{"logTime": "0130/170755", "correlationVector":"OGBRAF4c60DA2gURoVskkY.112","action":"GetUpdates", "result":"DeleteReceived", "context":{"id":"c1d96d45-8088-42da-9809-1e0fd666fadf", "isDeleted:":"true", "version":"1674899103141"}}
{"logTime": "0130/170755", "correlationVector":"OGBRAF4c60DA2gURoVskkY.113","action":"GetUpdates", "result":"DeleteReceived", "context":{"id":"76d15fe5-19ff-4e3f-951a-37c4ef2c47e9", "isDeleted:":"true", "version":"1674899136064"}}
{"logTime": "0130/170755", "correlationVector":"OGBRAF4c60DA2gURoVskkY.114","action":"GetUpdates", "result":"DeleteReceived", "context":{"id":"ef5a3f9c-d36e-4399-89a0-567a71422e91", "isDeleted:":"true", "version":"1674899198263"}}
{"logTime": "0130/170755", "correlationVector":"OGBRAF4c60DA2gURoVskkY.115","action":"GetUpdates", "result":"DeleteReceived", "context":{"id":"da6a5aee-7492-437b-bdd9-6d87f45fddad", "isDeleted:":"true", "version":"1674910001947"}}
{"logTime": "0130/170755", "correlationVector":"OGBRAF4c60DA2gURoVskkY.116","action":"GetUpdates", "result":"DeleteReceived", "context":{"id":"06ab4fc5-f5b8-4fa6-b54d-07ba0e716ce6", "isDeleted:":"true", "version":"1674910674489"}}
{"logTime": "0130/170755", "correlationVector":"OGBRAF4c60DA2gURoVskkY.117","action":"GetUpdates", "result":"DeleteReceived", "context":{"id":"0edb6b6f-a5b1-4ee0-a131-72236551daf7", "isDeleted:":"true", "version":"1674910674491"}}
{"logTime": "0130/170755", "correlationVector":"OGBRAF4c60DA2gURoVskkY.118","action":"GetUpdates", "result":"DeleteReceived", "context":{"id":"23d20624-b300-45c6-90d3-ec3d97217cf9", "isDeleted:":"true", "version":"1674910674492"}}
{"logTime": "0130/170755", "correlationVector":"OGBRAF4c60DA2gURoVskkY.119","action":"GetUpdates", "result":"DeleteReceived", "context":{"id":"299bd75f-9cd0-4bae-91e5-1970b5b15d01", "isDeleted:":"true", "version":"1674910865867"}}
{"logTime": "0130/170755", "correlationVector":"OGBRAF4c60DA2gURoVskkY.120","action":"GetUpdates", "result":"DeleteReceived", "context":{"id":"b5720636-31ca-4c88-873f-41e0025f7423", "isDeleted:":"true", "version":"1674910865868"}}
{"logTime": "0130/170755", "correlationVector":"OGBRAF4c60DA2gURoVskkY.121","action":"GetUpdates", "result":"DeleteReceived", "context":{"id":"388ea846-e262-43e6-8255-149bbebc22bd", "isDeleted:":"true", "version":"1674911311257"}}
{"logTime": "0130/170756", "correlationVector":"OGBRAF4c60DA2gURoVskkY.122","action":"GetUpdates", "result":"DeleteReceived", "context":{"id":"b952d9bf-7ded-4652-a5a3-314b795921ed", "isDeleted:":"true", "version":"1674911311259"}}
{"logTime": "0130/170756", "correlationVector":"OGBRAF4c60DA2gURoVskkY.123","action":"GetUpdates", "result":"DeleteReceived", "context":{"id":"27d930c7-e479-4e95-839a-8d4bc9dc5849", "isDeleted:":"true", "version":"1674917388205"}}
{"logTime": "0130/170756", "correlationVector":"OGBRAF4c60DA2gURoVskkY.124","action":"GetUpdates", "result":"DeleteReceived", "context":{"id":"67c726a2-88fa-4caa-8307-0d2dc596f4c7", "isDeleted:":"true", "version":"1674917388206"}}
{"logTime": "0130/170756", "correlationVector":"OGBRAF4c60DA2gURoVskkY.125","action":"GetUpdates", "result":"DeleteReceived", "context":{"id":"3822b470-e402-4ea2-8089-b165246b1b9f", "isDeleted:":"true", "version":"1674917388207"}}
{"logTime": "0130/170756", "correlationVector":"OGBRAF4c60DA2gURoVskkY.126","action":"GetUpdates", "result":"DeleteReceived", "context":{"id":"0063d191-8860-46c0-992a-52905a6707c7", "isDeleted:":"true", "version":"1674917388208"}}
{"logTime": "0130/170756", "correlationVector":"OGBRAF4c60DA2gURoVskkY.127","action":"GetUpdates", "result":"DeleteReceived", "context":{"id":"ffc08825-bb56-4227-8257-6ea4962fa5fb", "isDeleted:":"true", "version":"1674917388209"}}
{"logTime": "0130/170756", "correlationVector":"OGBRAF4c60DA2gURoVskkY.128","action":"GetUpdates", "result":"DeleteReceived", "context":{"id":"27748e79-c939-448b-b929-5689b5807241", "isDeleted:":"true", "version":"1674917388210"}}
{"logTime": "0130/170756", "correlationVector":"OGBRAF4c60DA2gURoVskkY.129","action":"GetUpdates", "result":"DeleteReceived", "context":{"id":"d8fed901-eea9-4513-8754-107178ade1d6", "isDeleted:":"true", "version":"1674917388211"}}
{"logTime": "0130/170756", "correlationVector":"OGBRAF4c60DA2gURoVskkY.130","action":"GetUpdates", "result":"DeleteReceived", "context":{"id":"fb063227-b8c5-40f1-a0f4-1d6519f6e522", "isDeleted:":"true", "version":"1674917388212"}}
{"logTime": "0130/170756", "correlationVector":"OGBRAF4c60DA2gURoVskkY.131","action":"GetUpdates", "result":"DeleteReceived", "context":{"id":"88174361-0ed8-4d3f-9209-dbb5349ae9b4", "isDeleted:":"true", "version":"1674917388213"}}
{"logTime": "0130/170756", "correlationVector":"OGBRAF4c60DA2gURoVskkY.132","action":"GetUpdates", "result":"DeleteReceived", "context":{"id":"4d4fc3f7-d733-4a91-b9e6-868aa2dfcff2", "isDeleted:":"true", "version":"1674918086981"}}
{"logTime": "0130/170756", "correlationVector":"OGBRAF4c60DA2gURoVskkY.133","action":"GetUpdates", "result":"DeleteReceived", "context":{"id":"a0fbf060-6483-42e4-9f59-a10398aa0969", "isDeleted:":"true", "version":"1674918197426"}}
{"logTime": "0130/170756", "correlationVector":"OGBRAF4c60DA2gURoVskkY.134","action":"GetUpdates", "result":"DeleteReceived", "context":{"id":"910fb024-e7fb-493a-8da5-0190dcd8a620", "isDeleted:":"true", "version":"1674918286577"}}
{"logTime": "0130/170756", "correlationVector":"OGBRAF4c60DA2gURoVskkY.135","action":"GetUpdates", "result":"DeleteReceived", "context":{"id":"e44249b6-7472-42bb-8020-a99d4b2bbf64", "isDeleted:":"true", "version":"1674918286579"}}
{"logTime": "0130/170756", "correlationVector":"OGBRAF4c60DA2gURoVskkY.136","action":"GetUpdates", "result":"DeleteReceived", "context":{"id":"7754b3bf-489a-4242-9684-390b401291ac", "isDeleted:":"true", "version":"1674919310455"}}
{"logTime": "0130/170756", "correlationVector":"OGBRAF4c60DA2gURoVskkY.137","action":"GetUpdates", "result":"DeleteReceived", "context":{"id":"b20692f5-b903-4159-a8ef-0fb228c11a9c", "isDeleted:":"true", "version":"1674919657326"}}
{"logTime": "0130/170756", "correlationVector":"OGBRAF4c60DA2gURoVskkY.138","action":"GetUpdates", "result":"DeleteReceived", "context":{"id":"1920fd40-bcb9-4706-9c28-58f0d318ba39", "isDeleted:":"true", "version":"1674919698207"}}
{"logTime": "0130/170756", "correlationVector":"OGBRAF4c60DA2gURoVskkY.139","action":"GetUpdates", "result":"DeleteReceived", "context":{"id":"9114235a-0d44-4fac-9afc-3a14df77aac0", "isDeleted:":"true", "version":"1674919740395"}}
{"logTime": "0130/170756", "correlationVector":"OGBRAF4c60DA2gURoVskkY.140","action":"GetUpdates", "result":"DeleteReceived", "context":{"id":"be7822e4-6a15-46d8-aa87-366e324bb103", "isDeleted:":"true", "version":"1674919790851"}}
{"logTime": "0130/170756", "correlationVector":"OGBRAF4c60DA2gURoVskkY.141","action":"GetUpdates", "result":"DeleteReceived", "context":{"id":"61641e2a-7a64-4844-9298-8fd5b706c428", "isDeleted:":"true", "version":"1674919823419"}}
{"logTime": "0130/170756", "correlationVector":"OGBRAF4c60DA2gURoVskkY.142","action":"GetUpdates", "result":"DeleteReceived", "context":{"id":"b1ddb367-f081-4cba-b574-b7ccc083304c", "isDeleted:":"true", "version":"1674919879964"}}
{"logTime": "0130/170756", "correlationVector":"OGBRAF4c60DA2gURoVskkY.143","action":"GetUpdates", "result":"DeleteReceived", "context":{"id":"44e0b8a3-06e1-4f56-98da-db1e5cbeab42", "isDeleted:":"true", "version":"1674920196721"}}
{"logTime": "0130/170756", "correlationVector":"OGBRAF4c60DA2gURoVskkY.144","action":"GetUpdates", "result":"DeleteReceived", "context":{"id":"a5ff966e-c6e8-4e1d-a95a-a28e81b0d0e0", "isDeleted:":"true", "version":"1674920196722"}}
{"logTime": "0130/170756", "correlationVector":"OGBRAF4c60DA2gURoVskkY.145","action":"GetUpdates", "result":"DeleteReceived", "context":{"id":"7546a04b-1c3d-499c-8619-ead132264928", "isDeleted:":"true", "version":"1674920196723"}}
{"logTime": "0130/170756", "correlationVector":"OGBRAF4c60DA2gURoVskkY.146","action":"GetUpdates", "result":"DeleteReceived", "context":{"id":"c4d91cb7-e3bd-446e-8585-a4049617174d", "isDeleted:":"true", "version":"1674920421292"}}
{"logTime": "0130/170756", "correlationVector":"OGBRAF4c60DA2gURoVskkY.147","action":"GetUpdates", "result":"DeleteReceived", "context":{"id":"176e2c6d-bbcc-48df-9625-c67810845444", "isDeleted:":"true", "version":"1674920701013"}}
{"logTime": "0130/170756", "correlationVector":"OGBRAF4c60DA2gURoVskkY.148","action":"GetUpdates", "result":"DeleteReceived", "context":{"id":"a0f9d96e-89d7-4c96-b4b9-f6ef378b26a4", "isDeleted:":"true", "version":"1674920701014"}}
{"logTime": "0130/170756", "correlationVector":"OGBRAF4c60DA2gURoVskkY.149","action":"GetUpdates", "result":"DeleteReceived", "context":{"id":"d7762f3d-7902-40f0-ba86-08f0a987b017", "isDeleted:":"true", "version":"1674921024208"}}
{"logTime": "0130/170756", "correlationVector":"OGBRAF4c60DA2gURoVskkY.150","action":"GetUpdates", "result":"DeleteReceived", "context":{"id":"e8cc7911-8bbe-4842-8bfb-8f3e3ee3543e", "isDeleted:":"true", "version":"1674921024209"}}
{"logTime": "0130/170756", "correlationVector":"OGBRAF4c60DA2gURoVskkY.151","action":"GetUpdates", "result":"DeleteReceived", "context":{"id":"a8a6abcd-ea00-4ce6-b5e6-a6e9af24d788", "isDeleted:":"true", "version":"1674921169236"}}
{"logTime": "0130/170756", "correlationVector":"OGBRAF4c60DA2gURoVskkY.152","action":"GetUpdates", "result":"DeleteReceived", "context":{"id":"a4ba1197-ec44-4e25-81d4-b4500846fe03", "isDeleted:":"true", "version":"1674922236268"}}
{"logTime": "0130/170756", "correlationVector":"OGBRAF4c60DA2gURoVskkY.153","action":"GetUpdates", "result":"DeleteReceived", "context":{"id":"8b103e03-407c-4dda-868d-c4fdf3dedaa6", "isDeleted:":"true", "version":"1674922877435"}}
{"logTime": "0130/170756", "correlationVector":"OGBRAF4c60DA2gURoVskkY.154","action":"GetUpdates", "result":"DeleteReceived", "context":{"id":"e71c0fa9-5c0d-4f5f-91cf-8bffdc392b2e", "isDeleted:":"true", "version":"1674922917699"}}
{"logTime": "0130/170756", "correlationVector":"OGBRAF4c60DA2gURoVskkY.155","action":"GetUpdates", "result":"DeleteReceived", "context":{"id":"20520f2b-6c88-46c1-9609-e52f55e9b5d4", "isDeleted:":"true", "version":"1674922949101"}}
{"logTime": "0130/170756", "correlationVector":"OGBRAF4c60DA2gURoVskkY.156","action":"GetUpdates", "result":"DeleteReceived", "context":{"id":"480e0d1f-8ba4-4283-bd7e-ba662d02a418", "isDeleted:":"true", "version":"1674922984062"}}
{"logTime": "0130/170756", "correlationVector":"OGBRAF4c60DA2gURoVskkY.157","action":"GetUpdates", "result":"DeleteReceived", "context":{"id":"0de8ae11-5f64-4a33-b961-6f1473c03cc3", "isDeleted:":"true", "version":"1674923137849"}}
{"logTime": "0130/170756", "correlationVector":"OGBRAF4c60DA2gURoVskkY.158","action":"GetUpdates", "result":"DeleteReceived", "context":{"id":"84cc88d5-3fc7-4e53-8377-8bc89038768f", "isDeleted:":"true", "version":"1674923172048"}}
{"logTime": "0130/170756", "correlationVector":"OGBRAF4c60DA2gURoVskkY.159","action":"GetUpdates", "result":"DeleteReceived", "context":{"id":"f831fd57-55c3-4b53-b5e2-0ed937a1f4bf", "isDeleted:":"true", "version":"1674923552885"}}
{"logTime": "0130/170756", "correlationVector":"OGBRAF4c60DA2gURoVskkY.160","action":"GetUpdates", "result":"DeleteReceived", "context":{"id":"e26569d6-b1a7-4c95-88e9-20c35950feb1", "isDeleted:":"true", "version":"1674923584058"}}
{"logTime": "0130/170756", "correlationVector":"OGBRAF4c60DA2gURoVskkY.161","action":"GetUpdates", "result":"DeleteReceived", "context":{"id":"da8a1ed5-4220-4fb2-b760-8d5eb55be323", "isDeleted:":"true", "version":"1674923584060"}}
{"logTime": "0130/170756", "correlationVector":"OGBRAF4c60DA2gURoVskkY.162","action":"GetUpdates", "result":"DeleteReceived", "context":{"id":"cb4b7290-cf78-4e3e-967f-c89e9ae28d73", "isDeleted:":"true", "version":"1674923902122"}}
{"logTime": "0130/170756", "correlationVector":"OGBRAF4c60DA2gURoVskkY.163","action":"GetUpdates", "result":"DeleteReceived", "context":{"id":"a1539703-a9fb-4039-b459-c5b90f5d911a", "isDeleted:":"true", "version":"1674923902123"}}
{"logTime": "0130/170756", "correlationVector":"OGBRAF4c60DA2gURoVskkY.164","action":"GetUpdates", "result":"DeleteReceived", "context":{"id":"ff9742cd-608d-4699-a165-4d17542f2668", "isDeleted:":"true", "version":"1674923902125"}}
{"logTime": "0130/170756", "correlationVector":"OGBRAF4c60DA2gURoVskkY.165","action":"GetUpdates", "result":"DeleteReceived", "context":{"id":"cec72ea8-caec-4216-afad-010ee8ffcb17", "isDeleted:":"true", "version":"1674923902126"}}
{"logTime": "0130/170756", "correlationVector":"OGBRAF4c60DA2gURoVskkY.166","action":"GetUpdates", "result":"DeleteReceived", "context":{"id":"ba1fc3fb-8592-4a9a-a2de-ed29e15f4c15", "isDeleted:":"true", "version":"1674923902127"}}
{"logTime": "0130/170756", "correlationVector":"OGBRAF4c60DA2gURoVskkY.167","action":"GetUpdates", "result":"DeleteReceived", "context":{"id":"57f530c6-d791-499a-80c6-2ccd0ec4e1dd", "isDeleted:":"true", "version":"1674923902128"}}
{"logTime": "0130/170756", "correlationVector":"OGBRAF4c60DA2gURoVskkY.168","action":"GetUpdates", "result":"DeleteReceived", "context":{"id":"3c5840af-a25a-442e-9054-0f044538c1c9", "isDeleted:":"true", "version":"1674924020034"}}
{"logTime": "0130/170756", "correlationVector":"OGBRAF4c60DA2gURoVskkY.169","action":"GetUpdates", "result":"DeleteReceived", "context":{"id":"13df0ca4-d882-44c3-9150-2d4165b1b70f", "isDeleted:":"true", "version":"1674924020035"}}
{"logTime": "0130/170756", "correlationVector":"OGBRAF4c60DA2gURoVskkY.170","action":"GetUpdates", "result":"DeleteReceived", "context":{"id":"58853d81-f64e-4a70-aa79-9705af25df28", "isDeleted:":"true", "version":"1674924020036"}}
{"logTime": "0130/170756", "correlationVector":"OGBRAF4c60DA2gURoVskkY.171","action":"GetUpdates", "result":"DeleteReceived", "context":{"id":"69b75c3c-48f3-493a-9c06-d9750d65fbd1", "isDeleted:":"true", "version":"1674924051158"}}
{"logTime": "0130/170756", "correlationVector":"OGBRAF4c60DA2gURoVskkY.172","action":"GetUpdates", "result":"DeleteReceived", "context":{"id":"7c6872eb-9822-49ad-bf7f-e42e61490d5e", "isDeleted:":"true", "version":"1674924725234"}}
{"logTime": "0130/170756", "correlationVector":"OGBRAF4c60DA2gURoVskkY.173","action":"GetUpdates", "result":"DeleteReceived", "context":{"id":"16991f78-8fe6-4bd9-8c2e-916c9c917d57", "isDeleted:":"true", "version":"1674924758777"}}
{"logTime": "0130/170756", "correlationVector":"OGBRAF4c60DA2gURoVskkY.174","action":"GetUpdates", "result":"DeleteReceived", "context":{"id":"acd1baf9-19f6-4e3b-ac17-da857bc234d5", "isDeleted:":"true", "version":"1674924943082"}}
{"logTime": "0130/170756", "correlationVector":"OGBRAF4c60DA2gURoVskkY.175","action":"GetUpdates", "result":"DeleteReceived", "context":{"id":"71ba3b56-26c8-4e74-873e-533ba0e4d8b6", "isDeleted:":"true", "version":"1674924943083"}}
{"logTime": "0130/170756", "correlationVector":"OGBRAF4c60DA2gURoVskkY.176","action":"GetUpdates", "result":"DeleteReceived", "context":{"id":"6fa10944-c8b4-47af-a938-3bdf406b7147", "isDeleted:":"true", "version":"1674924943084"}}
{"logTime": "0130/170756", "correlationVector":"OGBRAF4c60DA2gURoVskkY.177","action":"GetUpdates", "result":"DeleteReceived", "context":{"id":"aadd3b4f-b4ab-45ed-a3dd-d59d0839622f", "isDeleted:":"true", "version":"1674925040563"}}
{"logTime": "0130/170756", "correlationVector":"OGBRAF4c60DA2gURoVskkY.178","action":"GetUpdates", "result":"DeleteReceived", "context":{"id":"ec7fbf24-d6a2-42e6-a267-14b650216e3f", "isDeleted:":"true", "version":"1674925040564"}}
{"logTime": "0130/170756", "correlationVector":"OGBRAF4c60DA2gURoVskkY.179","action":"GetUpdates", "result":"DeleteReceived", "context":{"id":"1c00ae0b-691f-4c87-8c84-7c85ee70433a", "isDeleted:":"true", "version":"1674926033848"}}
{"logTime": "0130/170756", "correlationVector":"OGBRAF4c60DA2gURoVskkY.180","action":"GetUpdates", "result":"DeleteReceived", "context":{"id":"6474fff8-eb2e-434d-a0f6-4a9440f2ded5", "isDeleted:":"true", "version":"1674926033849"}}
{"logTime": "0130/170756", "correlationVector":"OGBRAF4c60DA2gURoVskkY.181","action":"GetUpdates", "result":"DeleteReceived", "context":{"id":"dc10a4ee-31f9-4906-aa62-a1ec0a428c4c", "isDeleted:":"true", "version":"1674962246753"}}
{"logTime": "0130/170756", "correlationVector":"OGBRAF4c60DA2gURoVskkY.182","action":"GetUpdates", "result":"DeleteReceived", "context":{"id":"3f77a04e-550e-40e1-bf1a-758826d28b1b", "isDeleted:":"true", "version":"1674962246754"}}
{"logTime": "0130/170756", "correlationVector":"OGBRAF4c60DA2gURoVskkY.183","action":"GetUpdates", "result":"DeleteReceived", "context":{"id":"44d8b820-ed2d-4761-a16a-8d89631f4d78", "isDeleted:":"true", "version":"1674963507807"}}
{"logTime": "0130/170756", "correlationVector":"OGBRAF4c60DA2gURoVskkY.184","action":"GetUpdates", "result":"DeleteReceived", "context":{"id":"9810eb84-0b5d-4465-9413-9d34d5463400", "isDeleted:":"true", "version":"1674994417082"}}
{"logTime": "0130/170756", "correlationVector":"OGBRAF4c60DA2gURoVskkY.185","action":"GetUpdates", "result":"DeleteReceived", "context":{"id":"216d3719-a0ce-46ac-b817-403c363df334", "isDeleted:":"true", "version":"1674994417083"}}
{"logTime": "0130/170756", "correlationVector":"OGBRAF4c60DA2gURoVskkY.186","action":"GetUpdates", "result":"DeleteReceived", "context":{"id":"5ce4335e-3a71-468c-924f-94c82702f71b", "isDeleted:":"true", "version":"1674994417084"}}
{"logTime": "0130/170756", "correlationVector":"OGBRAF4c60DA2gURoVskkY.187","action":"GetUpdates", "result":"DeleteReceived", "context":{"id":"39b9fb7d-04d0-4edc-8bce-60dac6536839", "isDeleted:":"true", "version":"1674995203738"}}
{"logTime": "0130/170756", "correlationVector":"OGBRAF4c60DA2gURoVskkY.188","action":"GetUpdates", "result":"DeleteReceived", "context":{"id":"690263f5-7a38-4188-893e-365f4efe400a", "isDeleted:":"true", "version":"1674995942493"}}
{"logTime": "0130/170756", "correlationVector":"OGBRAF4c60DA2gURoVskkY.189","action":"GetUpdates", "result":"DeleteReceived", "context":{"id":"68b3e23d-9f3b-4229-b809-c5a21d2a3606", "isDeleted:":"true", "version":"1674995942496"}}
{"logTime": "0130/170756", "correlationVector":"OGBRAF4c60DA2gURoVskkY.190","action":"GetUpdates", "result":"DeleteReceived", "context":{"id":"cf36a34d-44c6-404e-b8ad-07317208d586", "isDeleted:":"true", "version":"1674995942497"}}
{"logTime": "0130/170756", "correlationVector":"OGBRAF4c60DA2gURoVskkY.191","action":"GetUpdates", "result":"DeleteReceived", "context":{"id":"968be8e7-4c34-4b16-9969-1845ca747492", "isDeleted:":"true", "version":"1674995942498"}}
{"logTime": "0130/170756", "correlationVector":"OGBRAF4c60DA2gURoVskkY.192","action":"GetUpdates", "result":"DeleteReceived", "context":{"id":"61268cbc-884e-447a-9d73-9a04e5535007", "isDeleted:":"true", "version":"1674996271929"}}
{"logTime": "0130/170756", "correlationVector":"OGBRAF4c60DA2gURoVskkY.193","action":"GetUpdates", "result":"DeleteReceived", "context":{"id":"a1fcf0ee-50a9-43f1-b52e-2fa7f225a856", "isDeleted:":"true", "version":"1674997067912"}}
{"logTime": "0130/170756", "correlationVector":"OGBRAF4c60DA2gURoVskkY.194","action":"GetUpdates", "result":"DeleteReceived", "context":{"id":"cb5be34a-5ee6-4cf2-8f12-f1c358cac72b", "isDeleted:":"true", "version":"1674997138352"}}
{"logTime": "0130/170756", "correlationVector":"OGBRAF4c60DA2gURoVskkY.195","action":"GetUpdates Response", "result":"SERVER_MORE_TO_DOWNLOAD", "context":Received 250 update(s).  Some updates remain.}
{"logTime": "0130/170756", "correlationVector":"zPihgQ4Cy6tMfjs/KfQaEI","action":"Initial GetUpdates", "result":"", "context":Reason: NEWLY_SUPPORTED_DATATYPE. cV=zPihgQ4Cy6tMfjs/KfQaEI}
{"logTime": "0130/170756", "correlationVector":"zPihgQ4Cy6tMfjs/KfQaEI.1","action":"SyncServerConnectionManagerRequest", "result":"SYNC_SERVER_OK", "context":{"environment":"Prod_SoutheastAsia_000j", "server":"GENERAL01000007"}}
{"logTime": "0130/170756", "correlationVector":"zPihgQ4Cy6tMfjs/KfQaEI.2","action":"GetUpdates", "result":"DeleteReceived", "context":{"id":"ff59851e-6e50-432a-9025-9d538897c72d", "isDeleted:":"true", "version":"1674997514740"}}
{"logTime": "0130/170756", "correlationVector":"zPihgQ4Cy6tMfjs/KfQaEI.3","action":"GetUpdates", "result":"DeleteReceived", "context":{"id":"317824b8-156b-4871-9ac0-81713a11bb95", "isDeleted:":"true", "version":"1674997546115"}}
{"logTime": "0130/170757", "correlationVector":"zPihgQ4Cy6tMfjs/KfQaEI.4","action":"GetUpdates", "result":"DeleteReceived", "context":{"id":"de6c386f-24d8-4817-9e44-343f36e385d1", "isDeleted:":"true", "version":"1674997581523"}}
{"logTime": "0130/170757", "correlationVector":"zPihgQ4Cy6tMfjs/KfQaEI.5","action":"GetUpdates", "result":"DeleteReceived", "context":{"id":"6cf08702-2085-4bfd-a2db-44f20c68f112", "isDeleted:":"true", "version":"1674997823519"}}
{"logTime": "0130/170757", "correlationVector":"zPihgQ4Cy6tMfjs/KfQaEI.6","action":"GetUpdates", "result":"DeleteReceived", "context":{"id":"a1c8668e-da0e-48e8-b898-aae14a673e1f", "isDeleted:":"true", "version":"1674997823520"}}
{"logTime": "0130/170757", "correlationVector":"zPihgQ4Cy6tMfjs/KfQaEI.7","action":"GetUpdates", "result":"DeleteReceived", "context":{"id":"223583d8-0587-473a-9b9a-a7541651d11c", "isDeleted:":"true", "version":"1675002734199"}}
{"logTime": "0130/170757", "correlationVector":"zPihgQ4Cy6tMfjs/KfQaEI.8","action":"GetUpdates", "result":"DeleteReceived", "context":{"id":"64af2553-ef34-46a1-8be3-99fef031df15", "isDeleted:":"true", "version":"1675002734200"}}
{"logTime": "0130/170757", "correlationVector":"zPihgQ4Cy6tMfjs/KfQaEI.9","action":"GetUpdates", "result":"DeleteReceived", "context":{"id":"3d92aa0d-35e4-4251-b6e5-08c068511c98", "isDeleted:":"true", "version":"1675002918073"}}
{"logTime": "0130/170757", "correlationVector":"zPihgQ4Cy6tMfjs/KfQaEI.10","action":"GetUpdates", "result":"DeleteReceived", "context":{"id":"4e30f1e0-21d1-40a4-a9e7-e4b747279fcf", "isDeleted:":"true", "version":"1675002918074"}}
{"logTime": "0130/170757", "correlationVector":"zPihgQ4Cy6tMfjs/KfQaEI.11","action":"GetUpdates", "result":"DeleteReceived", "context":{"id":"0376ed98-512f-4f81-91f2-f6f8bfa0e9c2", "isDeleted:":"true", "version":"1675002918076"}}
{"logTime": "0130/170757", "correlationVector":"zPihgQ4Cy6tMfjs/KfQaEI.12","action":"GetUpdates", "result":"DeleteReceived", "context":{"id":"1a0576b9-08ef-4f0d-95d8-25f4fb279392", "isDeleted:":"true", "version":"1675002931695"}}
{"logTime": "0130/170757", "correlationVector":"zPihgQ4Cy6tMfjs/KfQaEI.13","action":"GetUpdates", "result":"DeleteReceived", "context":{"id":"9b45a1a6-1ef0-445c-8afe-6664204c29f0", "isDeleted:":"true", "version":"1675002931698"}}
{"logTime": "0130/170757", "correlationVector":"zPihgQ4Cy6tMfjs/KfQaEI.14","action":"GetUpdates", "result":"DeleteReceived", "context":{"id":"c053cd4c-c754-419f-be28-b77c69b18eb0", "isDeleted:":"true", "version":"1675002962883"}}
{"logTime": "0130/170757", "correlationVector":"zPihgQ4Cy6tMfjs/KfQaEI.15","action":"GetUpdates", "result":"DeleteReceived", "context":{"id":"9fb21a45-9d55-432c-9e87-2c779fe4f50a", "isDeleted:":"true", "version":"1675003012227"}}
{"logTime": "0130/170757", "correlationVector":"zPihgQ4Cy6tMfjs/KfQaEI.16","action":"GetUpdates", "result":"DeleteReceived", "context":{"id":"45b95c7a-71ba-4684-b6bc-74da70d38f46", "isDeleted:":"true", "version":"1675003330711"}}
{"logTime": "0130/170757", "correlationVector":"zPihgQ4Cy6tMfjs/KfQaEI.17","action":"GetUpdates", "result":"DeleteReceived", "context":{"id":"de6edf4d-3fad-4bcb-9661-75edb5af0396", "isDeleted:":"true", "version":"1675004585743"}}
{"logTime": "0130/170757", "correlationVector":"zPihgQ4Cy6tMfjs/KfQaEI.18","action":"GetUpdates", "result":"DeleteReceived", "context":{"id":"3658c55d-3d00-4e37-a98e-f80d8b48fb85", "isDeleted:":"true", "version":"1675004585744"}}
{"logTime": "0130/170757", "correlationVector":"zPihgQ4Cy6tMfjs/KfQaEI.19","action":"GetUpdates", "result":"DeleteReceived", "context":{"id":"4704e94f-c858-470b-84b0-ebd6060e1f7c", "isDeleted:":"true", "version":"1675004585745"}}
{"logTime": "0130/170757", "correlationVector":"zPihgQ4Cy6tMfjs/KfQaEI.20","action":"GetUpdates", "result":"DeleteReceived", "context":{"id":"bd9b3037-af32-4fd3-b2c6-b6b7db410ea1", "isDeleted:":"true", "version":"1675004585746"}}
{"logTime": "0130/170757", "correlationVector":"zPihgQ4Cy6tMfjs/KfQaEI.21","action":"GetUpdates", "result":"DeleteReceived", "context":{"id":"4a8345eb-1990-40fd-8746-99e7ac9dfb4b", "isDeleted:":"true", "version":"1675005609754"}}
{"logTime": "0130/170757", "correlationVector":"zPihgQ4Cy6tMfjs/KfQaEI.22","action":"GetUpdates", "result":"DeleteReceived", "context":{"id":"610553c1-5213-4ac4-89c2-fc5e10bb46c5", "isDeleted:":"true", "version":"1675005776258"}}
{"logTime": "0130/170757", "correlationVector":"zPihgQ4Cy6tMfjs/KfQaEI.23","action":"GetUpdates", "result":"DeleteReceived", "context":{"id":"0565f3f5-7068-4dc9-9a4a-a1a91e698838", "isDeleted:":"true", "version":"1675005852256"}}
{"logTime": "0130/170757", "correlationVector":"zPihgQ4Cy6tMfjs/KfQaEI.24","action":"GetUpdates", "result":"DeleteReceived", "context":{"id":"666239dd-4937-43cc-9185-2421d039bc2e", "isDeleted:":"true", "version":"1675005862262"}}
{"logTime": "0130/170757", "correlationVector":"zPihgQ4Cy6tMfjs/KfQaEI.25","action":"GetUpdates", "result":"DeleteReceived", "context":{"id":"049d4b1f-ab24-434f-87ec-99fc445e0685", "isDeleted:":"true", "version":"1675006362948"}}
{"logTime": "0130/170757", "correlationVector":"zPihgQ4Cy6tMfjs/KfQaEI.26","action":"GetUpdates", "result":"DeleteReceived", "context":{"id":"f2110eca-2be1-4f63-b874-8550bb003ab2", "isDeleted:":"true", "version":"1675006362949"}}
{"logTime": "0130/170757", "correlationVector":"zPihgQ4Cy6tMfjs/KfQaEI.27","action":"GetUpdates", "result":"DeleteReceived", "context":{"id":"7cb3d63c-5f56-4ef3-b689-390b31f7c303", "isDeleted:":"true", "version":"1675006442326"}}
{"logTime": "0130/170757", "correlationVector":"zPihgQ4Cy6tMfjs/KfQaEI.28","action":"GetUpdates", "result":"DeleteReceived", "context":{"id":"124da145-7210-475f-85e9-6437ddfbd1a3", "isDeleted:":"true", "version":"1675006569250"}}
{"logTime": "0130/170757", "correlationVector":"zPihgQ4Cy6tMfjs/KfQaEI.29","action":"GetUpdates", "result":"DeleteReceived", "context":{"id":"76c42abc-3a0a-44eb-b86f-9d51d975527b", "isDeleted:":"true", "version":"1675006614344"}}
{"logTime": "0130/170757", "correlationVector":"zPihgQ4Cy6tMfjs/KfQaEI.30","action":"GetUpdates", "result":"DeleteReceived", "context":{"id":"b09a2ed3-7fef-4dd6-bb52-4fa0284dd75f", "isDeleted:":"true", "version":"1675006649383"}}
{"logTime": "0130/170757", "correlationVector":"zPihgQ4Cy6tMfjs/KfQaEI.31","action":"GetUpdates", "result":"DeleteReceived", "context":{"id":"868bd53f-a1c9-46c3-9afc-42c72413d02a", "isDeleted:":"true", "version":"1675008821782"}}
{"logTime": "0130/170757", "correlationVector":"zPihgQ4Cy6tMfjs/KfQaEI.32","action":"GetUpdates", "result":"DeleteReceived", "context":{"id":"14567487-5df2-42aa-bfe4-ebbcc6faeded", "isDeleted:":"true", "version":"1675008881131"}}
{"logTime": "0130/170757", "correlationVector":"zPihgQ4Cy6tMfjs/KfQaEI.33","action":"GetUpdates", "result":"DeleteReceived", "context":{"id":"3b1997a1-6925-447d-bc3d-130bc04f0036", "isDeleted:":"true", "version":"1675008919656"}}
{"logTime": "0130/170757", "correlationVector":"zPihgQ4Cy6tMfjs/KfQaEI.34","action":"GetUpdates", "result":"DeleteReceived", "context":{"id":"61fd59cb-1bbf-42bd-a2db-6109de9720e0", "isDeleted:":"true", "version":"1675009061922"}}
{"logTime": "0130/170757", "correlationVector":"zPihgQ4Cy6tMfjs/KfQaEI.35","action":"GetUpdates", "result":"DeleteReceived", "context":{"id":"3a96b0e5-148b-45a9-b301-20066c1b0a2c", "isDeleted:":"true", "version":"1675009863878"}}
{"logTime": "0130/170757", "correlationVector":"zPihgQ4Cy6tMfjs/KfQaEI.36","action":"GetUpdates", "result":"DeleteReceived", "context":{"id":"033c40a0-91e8-4c40-9dcc-0fe2dc5cd660", "isDeleted:":"true", "version":"1675010306591"}}
{"logTime": "0130/170757", "correlationVector":"zPihgQ4Cy6tMfjs/KfQaEI.37","action":"GetUpdates", "result":"DeleteReceived", "context":{"id":"df9f30a6-e9de-4171-a844-a7eb988c9736", "isDeleted:":"true", "version":"1675010781206"}}
{"logTime": "0130/170757", "correlationVector":"zPihgQ4Cy6tMfjs/KfQaEI.38","action":"GetUpdates", "result":"DeleteReceived", "context":{"id":"d48fdccb-2d41-4b17-b222-4fb420945b87", "isDeleted:":"true", "version":"1675010820633"}}
{"logTime": "0130/170757", "correlationVector":"zPihgQ4Cy6tMfjs/KfQaEI.39","action":"GetUpdates", "result":"DeleteReceived", "context":{"id":"47cfe2f9-0450-48cf-8a28-bed5b9843e0b", "isDeleted:":"true", "version":"1675010950554"}}
{"logTime": "0130/170757", "correlationVector":"zPihgQ4Cy6tMfjs/KfQaEI.40","action":"GetUpdates", "result":"DeleteReceived", "context":{"id":"70ebceb9-5995-4e44-802f-82c3103c9254", "isDeleted:":"true", "version":"1675011595104"}}
{"logTime": "0130/170757", "correlationVector":"zPihgQ4Cy6tMfjs/KfQaEI.41","action":"GetUpdates", "result":"DeleteReceived", "context":{"id":"4354b583-48cb-4504-a830-79c6372318e2", "isDeleted:":"true", "version":"1675012286551"}}
{"logTime": "0130/170757", "correlationVector":"zPihgQ4Cy6tMfjs/KfQaEI.42","action":"GetUpdates", "result":"DeleteReceived", "context":{"id":"727b1475-f819-4e85-acbc-c70b89370b80", "isDeleted:":"true", "version":"1675012387777"}}
{"logTime": "0130/170757", "correlationVector":"zPihgQ4Cy6tMfjs/KfQaEI.43","action":"GetUpdates", "result":"DeleteReceived", "context":{"id":"2ce2a9fe-6df5-41af-a466-72bbcd816e90", "isDeleted:":"true", "version":"1675012691140"}}
{"logTime": "0130/170757", "correlationVector":"zPihgQ4Cy6tMfjs/KfQaEI.44","action":"GetUpdates", "result":"DeleteReceived", "context":{"id":"eb7394d4-4c7e-4d75-8047-8708f82b8b73", "isDeleted:":"true", "version":"1675013198123"}}
{"logTime": "0130/170757", "correlationVector":"zPihgQ4Cy6tMfjs/KfQaEI.45","action":"GetUpdates", "result":"DeleteReceived", "context":{"id":"0a6e2473-a751-4be6-9fbd-18be8dfe9d94", "isDeleted:":"true", "version":"1675014048720"}}
{"logTime": "0130/170757", "correlationVector":"zPihgQ4Cy6tMfjs/KfQaEI.46","action":"GetUpdates", "result":"DeleteReceived", "context":{"id":"99bfac17-6f8c-4dce-a37e-60db3ed3e146", "isDeleted:":"true", "version":"1675014247801"}}
{"logTime": "0130/170757", "correlationVector":"zPihgQ4Cy6tMfjs/KfQaEI.47","action":"GetUpdates", "result":"DeleteReceived", "context":{"id":"8759cbb9-a49f-46aa-b40b-2282c951ac3b", "isDeleted:":"true", "version":"1675014247802"}}
{"logTime": "0130/170757", "correlationVector":"zPihgQ4Cy6tMfjs/KfQaEI.48","action":"GetUpdates", "result":"DeleteReceived", "context":{"id":"41c98681-f850-47d3-9b83-c06e6e3eb44c", "isDeleted:":"true", "version":"1675014247803"}}
{"logTime": "0130/170757", "correlationVector":"zPihgQ4Cy6tMfjs/KfQaEI.49","action":"GetUpdates", "result":"DeleteReceived", "context":{"id":"8c3842c7-46f0-4b65-8348-71ffa3d46dfd", "isDeleted:":"true", "version":"1675014247804"}}
{"logTime": "0130/170757", "correlationVector":"zPihgQ4Cy6tMfjs/KfQaEI.50","action":"GetUpdates", "result":"DeleteReceived", "context":{"id":"65f1012a-23ef-45ac-92aa-8a3ddcf666af", "isDeleted:":"true", "version":"1675047646106"}}
{"logTime": "0130/170757", "correlationVector":"zPihgQ4Cy6tMfjs/KfQaEI.51","action":"GetUpdates", "result":"DeleteReceived", "context":{"id":"2ce341de-418e-4618-95d8-e24531c2d4be", "isDeleted:":"true", "version":"1675047761609"}}
{"logTime": "0130/170757", "correlationVector":"zPihgQ4Cy6tMfjs/KfQaEI.52","action":"GetUpdates", "result":"DeleteReceived", "context":{"id":"63591e07-6e3f-4243-81c9-9d770385df1b", "isDeleted:":"true", "version":"1675047824883"}}
{"logTime": "0130/170757", "correlationVector":"zPihgQ4Cy6tMfjs/KfQaEI.53","action":"GetUpdates", "result":"DeleteReceived", "context":{"id":"174bdb99-3167-4e2f-beeb-4e0e8f6334e2", "isDeleted:":"true", "version":"1675048862530"}}
{"logTime": "0130/170757", "correlationVector":"zPihgQ4Cy6tMfjs/KfQaEI.54","action":"GetUpdates", "result":"DeleteReceived", "context":{"id":"c503b26d-587b-48f8-b2e7-2f1dfc1b9560", "isDeleted:":"true", "version":"1675048949734"}}
{"logTime": "0130/170757", "correlationVector":"zPihgQ4Cy6tMfjs/KfQaEI.55","action":"GetUpdates", "result":"DeleteReceived", "context":{"id":"c0d7bfe5-3be4-47c3-a488-438ac3e8b965", "isDeleted:":"true", "version":"1675083452660"}}
{"logTime": "0130/170757", "correlationVector":"zPihgQ4Cy6tMfjs/KfQaEI.56","action":"GetUpdates", "result":"DeleteReceived", "context":{"id":"45983629-bce1-4b5e-b87b-c8bd9f92592f", "isDeleted:":"true", "version":"1675083955888"}}
{"logTime": "0130/170757", "correlationVector":"zPihgQ4Cy6tMfjs/KfQaEI.57","action":"GetUpdates", "result":"DeleteReceived", "context":{"id":"6f752a43-f897-498d-8d5b-4b32aa128363", "isDeleted:":"true", "version":"1675087242965"}}
{"logTime": "0130/170757", "correlationVector":"zPihgQ4Cy6tMfjs/KfQaEI.58","action":"GetUpdates", "result":"DeleteReceived", "context":{"id":"a9a85bb2-bfda-4945-9ee1-1ab1dc6b7bfa", "isDeleted:":"true", "version":"1675088170393"}}
{"logTime": "0130/170757", "correlationVector":"zPihgQ4Cy6tMfjs/KfQaEI.59","action":"GetUpdates", "result":"DeleteReceived", "context":{"id":"c8baf5a0-6871-4be2-ab9a-6d1195b1f24c", "isDeleted:":"true", "version":"1675089211959"}}
{"logTime": "0130/170757", "correlationVector":"zPihgQ4Cy6tMfjs/KfQaEI.60","action":"GetUpdates", "result":"DeleteReceived", "context":{"id":"e60cffba-12be-4146-a73e-46e767d4e4b0", "isDeleted:":"true", "version":"1675089211960"}}
{"logTime": "0130/170757", "correlationVector":"zPihgQ4Cy6tMfjs/KfQaEI.61","action":"GetUpdates", "result":"DeleteReceived", "context":{"id":"a0355c70-6537-44b3-9941-92ad1743cb7d", "isDeleted:":"true", "version":"1675089211961"}}
{"logTime": "0130/170757", "correlationVector":"zPihgQ4Cy6tMfjs/KfQaEI.62","action":"GetUpdates", "result":"DeleteReceived", "context":{"id":"92e63c51-4a1a-4358-b42f-9adf9b54b01d", "isDeleted:":"true", "version":"1675089211962"}}
{"logTime": "0130/170757", "correlationVector":"zPihgQ4Cy6tMfjs/KfQaEI.63","action":"GetUpdates", "result":"DeleteReceived", "context":{"id":"7f84d12d-5fb5-4d85-80c7-028c2fc872d7", "isDeleted:":"true", "version":"1675089211963"}}
{"logTime": "0130/170757", "correlationVector":"zPihgQ4Cy6tMfjs/KfQaEI.64","action":"GetUpdates", "result":"DeleteReceived", "context":{"id":"b9e68bbf-4bbc-4905-b16b-25e38e037e01", "isDeleted:":"true", "version":"1675090148151"}}
{"logTime": "0130/170757", "correlationVector":"zPihgQ4Cy6tMfjs/KfQaEI.65","action":"GetUpdates", "result":"DeleteReceived", "context":{"id":"4b071082-5ebb-4ae3-b51c-4de243925db7", "isDeleted:":"true", "version":"1675090248000"}}
{"logTime": "0130/170757", "correlationVector":"zPihgQ4Cy6tMfjs/KfQaEI.66","action":"GetUpdates", "result":"DeleteReceived", "context":{"id":"f006b2c8-3197-4068-abf0-015d1c212205", "isDeleted:":"true", "version":"1675090248001"}}
{"logTime": "0130/170757", "correlationVector":"zPihgQ4Cy6tMfjs/KfQaEI.67","action":"GetUpdates", "result":"DeleteReceived", "context":{"id":"cc7f2897-c3d4-459d-ad2a-6c3622755073", "isDeleted:":"true", "version":"1675090636322"}}
{"logTime": "0130/170757", "correlationVector":"zPihgQ4Cy6tMfjs/KfQaEI.68","action":"GetUpdates", "result":"DeleteReceived", "context":{"id":"74ba02de-1534-4d04-b124-67d97d181a49", "isDeleted:":"true", "version":"1675090737734"}}
{"logTime": "0130/170757", "correlationVector":"zPihgQ4Cy6tMfjs/KfQaEI.69","action":"GetUpdates", "result":"DeleteReceived", "context":{"id":"12e9abc9-4fe9-47fc-9a66-521b68c2539e", "isDeleted:":"true", "version":"1675090737735"}}
{"logTime": "0130/170757", "correlationVector":"zPihgQ4Cy6tMfjs/KfQaEI.70","action":"GetUpdates", "result":"DeleteReceived", "context":{"id":"9d7952a6-ea74-4f8d-9a99-92c2d4d04854", "isDeleted:":"true", "version":"1675091140760"}}
{"logTime": "0130/170757", "correlationVector":"zPihgQ4Cy6tMfjs/KfQaEI.71","action":"GetUpdates", "result":"DeleteReceived", "context":{"id":"f2d9b4a4-d329-44e8-aa9c-1607c3e0dc2c", "isDeleted:":"true", "version":"1675091140761"}}
{"logTime": "0130/170757", "correlationVector":"zPihgQ4Cy6tMfjs/KfQaEI.72","action":"GetUpdates", "result":"DeleteReceived", "context":{"id":"7c9ce391-afa1-4612-a93e-aaf27c31a26d", "isDeleted:":"true", "version":"1675094548838"}}
{"logTime": "0130/170757", "correlationVector":"zPihgQ4Cy6tMfjs/KfQaEI.73","action":"GetUpdates", "result":"DeleteReceived", "context":{"id":"6282e144-682a-4ae2-89ee-4288d2888866", "isDeleted:":"true", "version":"1675095935994"}}
{"logTime": "0130/170757", "correlationVector":"zPihgQ4Cy6tMfjs/KfQaEI.74","action":"GetUpdates", "result":"DeleteReceived", "context":{"id":"abdf1e05-7f45-4fdd-86e2-5680b73d58a5", "isDeleted:":"true", "version":"1675097921665"}}
{"logTime": "0130/170757", "correlationVector":"zPihgQ4Cy6tMfjs/KfQaEI.75","action":"GetUpdates", "result":"DeleteReceived", "context":{"id":"e63c3450-9ca0-4481-a68d-76e322209ebb", "isDeleted:":"true", "version":"1675097921666"}}
{"logTime": "0130/170757", "correlationVector":"zPihgQ4Cy6tMfjs/KfQaEI.76","action":"GetUpdates Response", "result":"SYNCER_OK", "context":Received 118 update(s). cV=zPihgQ4Cy6tMfjs/KfQaEI.0;server=GENERAL01000007;cloudType=Consumer;environment=Prod_SoutheastAsia_000j}
{"logTime": "0130/170757", "correlationVector":"SJmDYw2wQhMmIv3Yaq88SP","action":"Normal GetUpdate request", "result":"", "context":cV=SJmDYw2wQhMmIv3Yaq88SP
Nudged types: Sessions, Device Info
Refresh requested types: Bookmarks, Preferences, Passwords, Autofill Profiles, Autofill, Autofill Custom Data, Typed URLs, Extensions, Sessions, Extension settings, History Delete Directives, Device Info, User Consents, Send Tab To Self, Collection, Encryption Keys}
{"logTime": "0130/170757", "correlationVector":"SJmDYw2wQhMmIv3Yaq88SP.1","action":"SyncServerConnectionManagerRequest", "result":"SYNC_SERVER_OK", "context":{"environment":"Prod_SoutheastAsia_000j", "server":"GENERAL0100000L"}}
{"logTime": "0130/170757", "correlationVector":"SJmDYw2wQhMmIv3Yaq88SP.2","action":"GetUpdates Response", "result":"SYNCER_OK", "context":Received 0 update(s). cV=SJmDYw2wQhMmIv3Yaq88SP.0;server=GENERAL0100000L;cloudType=Consumer;environment=Prod_SoutheastAsia_000j}
{"logTime": "0130/170757", "correlationVector":"CF8jPPTPi8QJf9ReFE9LOO","action":"Commit Request", "result":"", "context":Item count: 1
Contributing types: Device Info}
{"logTime": "0130/170758", "correlationVector":"CF8jPPTPi8QJf9ReFE9LOO.1","action":"SyncServerConnectionManagerRequest", "result":"SYNC_SERVER_OK", "context":{"environment":"Prod_SoutheastAsia_000j", "server":"GENERAL01000003"}}
{"logTime": "0130/170758", "correlationVector":"CF8jPPTPi8QJf9ReFE9LOO.2","action":"Commit Response", "result":"SYNCER_OK", "context":Result: SYNCER_OK. cV=CF8jPPTPi8QJf9ReFE9LOO.0;server=GENERAL01000003;cloudType=Consumer;environment=Prod_SoutheastAsia_000j}
{"logTime": "0130/170758", "correlationVector":"k8CxXas0aeKFS/qodu7E+j","action":"Commit Request", "result":"", "context":Item count: 2
Contributing types: Sessions}
{"logTime": "0130/170758", "correlationVector":"k8CxXas0aeKFS/qodu7E+j.1","action":"SyncServerConnectionManagerRequest", "result":"SYNC_SERVER_OK", "context":{"environment":"Prod_SoutheastAsia_000j", "server":"general0100000M"}}
{"logTime": "0130/170758", "correlationVector":"k8CxXas0aeKFS/qodu7E+j.2","action":"Commit Response", "result":"SYNCER_OK", "context":Result: SYNCER_OK. cV=k8CxXas0aeKFS/qodu7E+j.0;server=general0100000M;cloudType=Consumer;environment=Prod_SoutheastAsia_000j}
{"logTime": "0130/170758", "correlationVector":"f23/wocQn6ajddQxYmm7LS","action":"Commit Request", "result":"", "context":Item count: 1
Contributing types: Sessions}
{"logTime": "0130/170758", "correlationVector":"f23/wocQn6ajddQxYmm7LS.1","action":"SyncServerConnectionManagerRequest", "result":"SYNC_SERVER_OK", "context":{"environment":"Prod_SoutheastAsia_000j", "server":"GENERAL0100000W"}}
{"logTime": "0130/170758", "correlationVector":"f23/wocQn6ajddQxYmm7LS.2","action":"Commit Response", "result":"SYNCER_OK", "context":Result: SYNCER_OK. cV=f23/wocQn6ajddQxYmm7LS.0;server=GENERAL0100000W;cloudType=Consumer;environment=Prod_SoutheastAsia_000j}
{"logTime": "0130/170844", "correlationVector":"wy/Wb+ipLyC98hFGyGi/le","action":"Commit Request", "result":"", "context":Item count: 1
Contributing types: Sessions}
{"logTime": "0130/170901", "correlationVector":"wy/Wb+ipLyC98hFGyGi/le.1","action":"SyncServerConnectionManagerRequest", "result":"SYNC_SERVER_OK", "context":{"environment":"Prod_SoutheastAsia_000j", "server":"GENERAL0100001H"}}
{"logTime": "0130/170901", "correlationVector":"wy/Wb+ipLyC98hFGyGi/le.2","action":"Commit Response", "result":"SYNCER_OK", "context":Result: SYNCER_OK. cV=wy/Wb+ipLyC98hFGyGi/le.0;server=GENERAL0100001H;cloudType=Consumer;environment=Prod_SoutheastAsia_000j}
